#
# There is insufficient memory for the Java Runtime Environment to continue.
# Native memory allocation (malloc) failed to allocate 34576 bytes for Chunk::new
# Possible reasons:
#   The system is out of physical RAM or swap space
#   In 32 bit mode, the process size limit was hit
# Possible solutions:
#   Reduce memory load on the system
#   Increase physical memory or swap space
#   Check if swap backing store is full
#   Use 64 bit Java on a 64 bit OS
#   Decrease Java heap size (-Xmx/-Xms)
#   Decrease number of Java threads
#   Decrease Java thread stack sizes (-Xss)
#   Set larger code cache with -XX:ReservedCodeCacheSize=
# This output file may be truncated or incomplete.
#
#  Out of Memory Error (allocation.cpp:390), pid=13796, tid=0x000000000000066c
#
# JRE version: Java(TM) SE Runtime Environment (8.0_181-b13) (build 1.8.0_181-b13)
# Java VM: Java HotSpot(TM) 64-Bit Server VM (25.181-b13 mixed mode windows-amd64 compressed oops)
# Failed to write core dump. Minidumps are not enabled by default on client versions of Windows
#

---------------  T H R E A D  ---------------

Current thread (0x000000001b011000):  JavaThread "C2 CompilerThread1" daemon [_thread_in_native, id=1644, stack(0x000000001b8b0000,0x000000001b9b0000)]

Stack: [0x000000001b8b0000,0x000000001b9b0000]
[error occurred during error reporting (printing stack bounds), id 0xc0000005]

Native frames: (J=compiled Java code, j=interpreted, Vv=VM code, C=native code)


Current CompileTask:
C2:    227   34 %     4       java.lang.String::indexOf @ 37 (70 bytes)


---------------  P R O C E S S  ---------------

Java Threads: ( => current thread )
  0x000000001b0f4000 JavaThread "Service Thread" daemon [_thread_blocked, id=2084, stack(0x000000001bbb0000,0x000000001bcb0000)]
  0x000000001b02a800 JavaThread "C1 CompilerThread3" daemon [_thread_in_native, id=10744, stack(0x000000001bab0000,0x000000001bbb0000)]
  0x000000001b026000 JavaThread "C2 CompilerThread2" daemon [_thread_in_native, id=2956, stack(0x000000001b9b0000,0x000000001bab0000)]
=>0x000000001b011000 JavaThread "C2 CompilerThread1" daemon [_thread_in_native, id=1644, stack(0x000000001b8b0000,0x000000001b9b0000)]
  0x000000001b00e800 JavaThread "C2 CompilerThread0" daemon [_thread_blocked, id=2296, stack(0x000000001b7b0000,0x000000001b8b0000)]
  0x000000001b021000 JavaThread "Monitor Ctrl-Break" daemon [_thread_in_vm, id=13252, stack(0x000000001b6b0000,0x000000001b7b0000)]
  0x000000001a795800 JavaThread "Attach Listener" daemon [_thread_blocked, id=740, stack(0x000000001adb0000,0x000000001aeb0000)]
  0x000000001a7f0800 JavaThread "Signal Dispatcher" daemon [_thread_blocked, id=4464, stack(0x000000001acb0000,0x000000001adb0000)]
  0x00000000038ed000 JavaThread "Finalizer" daemon [_thread_blocked, id=7640, stack(0x000000001ab50000,0x000000001ac50000)]
  0x000000001886d000 JavaThread "Reference Handler" daemon [_thread_blocked, id=9792, stack(0x000000001a650000,0x000000001a750000)]
  0x00000000037f6000 JavaThread "main" [_thread_in_Java, id=9212, stack(0x00000000035a0000,0x00000000036a0000)]

Other Threads:
  0x0000000018868000 VMThread [stack: 0x000000001a550000,0x000000001a650000] [id=13384]
  0x000000001b10e000 WatcherThread [stack: 0x000000001bcb0000,0x000000001bdb0000] [id=12024]

VM state:not at safepoint (normal execution)

VM Mutex/Monitor currently owned by a thread: None

Heap:
 PSYoungGen      total 38400K, used 5349K [0x00000000d5f00000, 0x00000000d8980000, 0x0000000100000000)
  eden space 33280K, 16% used [0x00000000d5f00000,0x00000000d6439598,0x00000000d7f80000)
  from space 5120K, 0% used [0x00000000d8480000,0x00000000d8480000,0x00000000d8980000)
  to   space 5120K, 0% used [0x00000000d7f80000,0x00000000d7f80000,0x00000000d8480000)
 ParOldGen       total 87552K, used 0K [0x0000000081c00000, 0x0000000087180000, 0x00000000d5f00000)
  object space 87552K, 0% used [0x0000000081c00000,0x0000000081c00000,0x0000000087180000)
 Metaspace       used 3482K, capacity 4564K, committed 4864K, reserved 1056768K
  class space    used 373K, capacity 388K, committed 512K, reserved 1048576K

Card table byte_map: [0x0000000012cb0000,0x00000000130b0000] byte_map_base: 0x00000000128a2000

Marking Bits: (ParMarkBitMap*) 0x0000000060b82d00
 Begin Bits: [0x0000000013b60000, 0x0000000015af0000)
 End Bits:   [0x0000000015af0000, 0x0000000017a80000)

Polling page: 0x0000000001350000

CodeCache: size=245760Kb used=1190Kb max_used=1190Kb free=244569Kb
 bounds [0x00000000038f0000, 0x0000000003b60000, 0x00000000128f0000]
 total_blobs=296 nmethods=38 adapters=171
 compilation: enabled

Compilation events (10 events):
Event: 0.224 Thread 0x000000001b00e800 nmethod 28 0x0000000003a0eb10 code [0x0000000003a0ec60, 0x0000000003a0ef88]
Event: 0.225 Thread 0x000000001b02a800 nmethod 33 0x0000000003a0f190 code [0x0000000003a0f660, 0x0000000003a134b8]
Event: 0.225 Thread 0x000000001b02a800   36       3       java.lang.String::indexOf (166 bytes)
Event: 0.225 Thread 0x000000001b00e800   46       4       sun.misc.ASCIICaseInsensitiveComparator::toLower (16 bytes)
Event: 0.225 Thread 0x000000001b00e800 nmethod 46 0x0000000003a0d410 code [0x0000000003a0d540, 0x0000000003a0d598]
Event: 0.225 Thread 0x000000001b00e800   47       4       sun.misc.ASCIICaseInsensitiveComparator::isUpper (18 bytes)
Event: 0.225 Thread 0x000000001b02a800 nmethod 36 0x0000000003a0df50 code [0x0000000003a0e100, 0x0000000003a0e750]
Event: 0.225 Thread 0x000000001b02a800   39  s!   3       sun.misc.URLClassPath::getLoader (243 bytes)
Event: 0.226 Thread 0x000000001b00e800 nmethod 47 0x0000000003a0d150 code [0x0000000003a0d280, 0x0000000003a0d2d8]
Event: 0.226 Thread 0x000000001b00e800   49       4       java.lang.CharacterData::of (120 bytes)

GC Heap History (0 events):
No events

Deoptimization events (0 events):
No events

Classes redefined (0 events):
No events

Internal exceptions (2 events):
Event: 0.036 Thread 0x00000000037f6000 Exception <a 'java/lang/NoSuchMethodError': Method sun.misc.Unsafe.defineClass(Ljava/lang/String;[BII)Ljava/lang/Class; name or signature does not match> (0x00000000d5f07cb0) thrown at [C:\re\workspace\8-2-build-windows-amd64-cygwin\jdk8u181\11358\hotspot
Event: 0.036 Thread 0x00000000037f6000 Exception <a 'java/lang/NoSuchMethodError': Method sun.misc.Unsafe.prefetchRead(Ljava/lang/Object;J)V name or signature does not match> (0x00000000d5f07f98) thrown at [C:\re\workspace\8-2-build-windows-amd64-cygwin\jdk8u181\11358\hotspot\src\share\vm\prim

Events (10 events):
Event: 0.222 loading class sun/net/spi/DefaultProxySelector
Event: 0.223 loading class sun/net/spi/DefaultProxySelector done
Event: 0.223 loading class sun/net/spi/DefaultProxySelector$1
Event: 0.223 loading class sun/net/spi/DefaultProxySelector$1 done
Event: 0.223 loading class sun/net/NetProperties
Event: 0.224 loading class sun/net/NetProperties done
Event: 0.224 loading class sun/net/NetProperties$1
Event: 0.224 loading class sun/net/NetProperties$1 done
Event: 0.225 loading class java/net/URI
Event: 0.225 loading class java/net/URI done


Dynamic libraries:
0x00007ff7bf240000 - 0x00007ff7bf277000 	D:\java\jdk1.8\bin\java.exe
0x00007fff61ea0000 - 0x00007fff62090000 	C:\Windows\SYSTEM32\ntdll.dll
0x00007fff61540000 - 0x00007fff615f2000 	C:\Windows\System32\KERNEL32.DLL
0x00007fff5fac0000 - 0x00007fff5fd63000 	C:\Windows\System32\KERNELBASE.dll
0x00007fff613f0000 - 0x00007fff61493000 	C:\Windows\System32\ADVAPI32.dll
0x00007fff618e0000 - 0x00007fff6197e000 	C:\Windows\System32\msvcrt.dll
0x00007fff614a0000 - 0x00007fff61537000 	C:\Windows\System32\sechost.dll
0x00007fff61a30000 - 0x00007fff61b50000 	C:\Windows\System32\RPCRT4.dll
0x00007fff601e0000 - 0x00007fff60373000 	C:\Windows\System32\USER32.dll
0x00007fff5fd70000 - 0x00007fff5fd91000 	C:\Windows\System32\win32u.dll
0x00007fff61830000 - 0x00007fff61856000 	C:\Windows\System32\GDI32.dll
0x00007fff5fda0000 - 0x00007fff5ff34000 	C:\Windows\System32\gdi32full.dll
0x00007fff5ef70000 - 0x00007fff5f00e000 	C:\Windows\System32\msvcp_win.dll
0x00007fff5f9c0000 - 0x00007fff5faba000 	C:\Windows\System32\ucrtbase.dll
0x00007fff4f940000 - 0x00007fff4fbc5000 	C:\Windows\WinSxS\amd64_microsoft.windows.common-controls_6595b64144ccf1df_6.0.18362.145_none_e6c3ab8b131013d6\COMCTL32.dll
0x00007fff610a0000 - 0x00007fff613d6000 	C:\Windows\System32\combase.dll
0x00007fff5ee30000 - 0x00007fff5eeb1000 	C:\Windows\System32\bcryptPrimitives.dll
0x00007fff600e0000 - 0x00007fff6010e000 	C:\Windows\System32\IMM32.DLL
0x0000000060c10000 - 0x0000000060ce2000 	D:\java\jdk1.8\jre\bin\msvcr100.dll
0x0000000060360000 - 0x0000000060c02000 	D:\java\jdk1.8\jre\bin\server\jvm.dll
0x00007fff618d0000 - 0x00007fff618d8000 	C:\Windows\System32\PSAPI.DLL
0x00007fff5cb40000 - 0x00007fff5cb64000 	C:\Windows\SYSTEM32\WINMM.dll
0x00007fff56500000 - 0x00007fff5650a000 	C:\Windows\SYSTEM32\VERSION.dll
0x00007fff4b260000 - 0x00007fff4b269000 	C:\Windows\SYSTEM32\WSOCK32.dll
0x00007fff60110000 - 0x00007fff6017f000 	C:\Windows\System32\WS2_32.dll
0x00007fff5c6c0000 - 0x00007fff5c6ed000 	C:\Windows\SYSTEM32\winmmbase.dll
0x00007fff5ef20000 - 0x00007fff5ef6a000 	C:\Windows\System32\cfgmgr32.dll
0x0000000060350000 - 0x000000006035f000 	D:\java\jdk1.8\jre\bin\verify.dll
0x0000000060320000 - 0x0000000060349000 	D:\java\jdk1.8\jre\bin\java.dll
0x0000000060240000 - 0x0000000060263000 	D:\java\jdk1.8\jre\bin\instrument.dll
0x0000000060300000 - 0x0000000060316000 	D:\java\jdk1.8\jre\bin\zip.dll
0x00007fff60940000 - 0x00007fff61020000 	C:\Windows\System32\SHELL32.dll
0x00007fff61980000 - 0x00007fff61a29000 	C:\Windows\System32\shcore.dll
0x00007fff5f160000 - 0x00007fff5f8db000 	C:\Windows\System32\windows.storage.dll
0x00007fff5edf0000 - 0x00007fff5ee0f000 	C:\Windows\System32\profapi.dll
0x00007fff5eda0000 - 0x00007fff5edea000 	C:\Windows\System32\powrprof.dll
0x00007fff5ed70000 - 0x00007fff5ed80000 	C:\Windows\System32\UMPDC.dll
0x00007fff61740000 - 0x00007fff61792000 	C:\Windows\System32\shlwapi.dll
0x00007fff5ed80000 - 0x00007fff5ed91000 	C:\Windows\System32\kernel.appcore.dll
0x00007fff5ff40000 - 0x00007fff5ff57000 	C:\Windows\System32\cryptsp.dll
0x00007fff4f550000 - 0x00007fff4f56a000 	D:\java\IntelliJ IDEA 2019.3.4\bin\breakgen64.dll
0x00000000602e0000 - 0x00000000602fa000 	D:\java\jdk1.8\jre\bin\net.dll
0x00007fff5e5e0000 - 0x00007fff5e647000 	C:\Windows\system32\mswsock.dll

VM Arguments:
jvm_args: -javaagent:D:\java\IntelliJ IDEA 2019.3.4\lib\idea_rt.jar=49721:D:\java\IntelliJ IDEA 2019.3.4\bin -Dfile.encoding=UTF-8 
java_command: com.‘»Œ¡¥.spring.AspectTest.Start
java_class_path (initial): D:\java\jdk1.8\jre\lib\charsets.jar;D:\java\jdk1.8\jre\lib\deploy.jar;D:\java\jdk1.8\jre\lib\ext\access-bridge-64.jar;D:\java\jdk1.8\jre\lib\ext\cldrdata.jar;D:\java\jdk1.8\jre\lib\ext\dnsns.jar;D:\java\jdk1.8\jre\lib\ext\jaccess.jar;D:\java\jdk1.8\jre\lib\ext\jfxrt.jar;D:\java\jdk1.8\jre\lib\ext\localedata.jar;D:\java\jdk1.8\jre\lib\ext\nashorn.jar;D:\java\jdk1.8\jre\lib\ext\sunec.jar;D:\java\jdk1.8\jre\lib\ext\sunjce_provider.jar;D:\java\jdk1.8\jre\lib\ext\sunmscapi.jar;D:\java\jdk1.8\jre\lib\ext\sunpkcs11.jar;D:\java\jdk1.8\jre\lib\ext\zipfs.jar;D:\java\jdk1.8\jre\lib\javaws.jar;D:\java\jdk1.8\jre\lib\jce.jar;D:\java\jdk1.8\jre\lib\jfr.jar;D:\java\jdk1.8\jre\lib\jfxswt.jar;D:\java\jdk1.8\jre\lib\jsse.jar;D:\java\jdk1.8\jre\lib\management-agent.jar;D:\java\jdk1.8\jre\lib\plugin.jar;D:\java\jdk1.8\jre\lib\resources.jar;D:\java\jdk1.8\jre\lib\rt.jar;D:\java\code\cloud_demo\es_search\target\classes;D:\java\repository\com\alibaba\fastjson\1.2.4\fastjson-1.2.4.jar;D:\java\repository\org\elasticsearch\client\transport\6.4.3\transport-6.4.3.jar;D:\java\repository\org\elasticsearch\elasticsearch\6.4.3\elasticsearch-6.4.3.jar;D:\java\repository\org\elasticsearch\elasticsearch-core\6.4.3\elasticsearch-core-6.4.3.jar;D:\java\repository\org\elasticsearch\elasticsearch-secure-sm\6.4.3\elasticsearch-secure-sm-6.4.3.jar;D:\java\repository\org\elasticsearch\elasticsearch-x-content\6.4.3\elasticsearch-x-content-6.4.3.jar;D:\java\repository\com\fasterxml\jackson\core\jackson-core\2.9.9\jackson-core-2.9.9.jar;D:\java\repository\com\fasterxml\jackson\dataformat\jackson-dataformat-smile\2.9.9\jackson-dataformat-smile-2.9.9.jar;D:\java\repository\com\fasterxml\jackson\dataformat\jackson-dataformat-yaml\2.9.9\jackson-dataformat-yaml-2.9.9.jar;D:\java\repository\com\fasterxml\jackson\dataformat\jackson-dataformat-cbor\2.9.9\jackson-dataformat-cbor-2.9.9.jar;D:\java\repository\org\apache\lucene\lucene-core\7.4.0\lucene-core-7.4.0.jar;D:\java\repository\org\apa
Launcher Type: SUN_STANDARD

Environment Variables:
JAVA_HOME=D:\java\jdk1.8
PATH=D:\java\rocketmq\bin;C:\Program Files (x86)\NetSarang\Xftp 6\;D:\java\mmpeg\ffmpeg-20200216-8578433-win64-static\bin;D:\java\mysql-5.7.29-winx64\bin;D:\java\OpenSSL-Win64\bin;D:\java\gradle-4.8\bin;d:\erlang9.3\bin;D:\java\apache-maven-3.5.4\bin;D:\java\jdk1.8\bin;C:\Windows\system32;C:\Windows;C:\Windows\System32\Wbem;C:\Windows\System32\WindowsPowerShell\v1.0\;C:\Windows\System32\OpenSSH\;C:\Program Files (x86)\NVIDIA Corporation\PhysX\Common;D:\java\MySQL\MySQL Server 5.5\bin;D:\java\git\Git\cmd;D:\java\gitWuGui\bin;D:\java\SVN\bin;D:\java\SVN Wu GUI\bin;C:\Program Files\nodejs\;D:\putty\;C:\Users\aa\AppData\Local\Microsoft\WindowsApps;C:\Users\aa\AppData\Roaming\npm;D:\java\protoc-3.7.0-win64\bin;
USERNAME=aa
OS=Windows_NT
PROCESSOR_IDENTIFIER=Intel64 Family 6 Model 142 Stepping 10, GenuineIntel



---------------  S Y S T E M  ---------------

OS: Windows 10.0 , 64 bit Build 18362 (10.0.18362.86)

CPU:total 8 (initial active 8) (4 cores per cpu, 2 threads per core) family 6 model 142 stepping 10, cmov, cx8, fxsr, mmx, sse, sse2, sse3, ssse3, sse4.1, sse4.2, popcnt, avx, avx2, aes, clmul, erms, 3dnowpref, lzcnt, ht, tsc, tscinvbit, bmi1, bmi2, adx

Memory: 4k page, physical 8269924k(703864k free), swap 12464228k(3116k free)

vm_info: Java HotSpot(TM) 64-Bit Server VM (25.181-b13) for windows-amd64 JRE (1.8.0_181-b13), built on Jul  7 2018 04:01:33 by "java_re" with MS VC++ 10.0 (VS2010)

time: Mon Mar 30 15:41:24 2020
elapsed time: 0 seconds (0d 0h 0m 0s)

