#
# A fatal error has been detected by the Java Runtime Environment:
#
#  EXCEPTION_ACCESS_VIOLATION (0xc0000005) at pc=0x0000000054a84757, pid=7416, tid=0x0000000000001918
#
# JRE version: Java(TM) SE Runtime Environment (8.0_181-b13) (build 1.8.0_181-b13)
# Java VM: Java HotSpot(TM) 64-Bit Server VM (25.181-b13 mixed mode windows-amd64 compressed oops)
# Problematic frame:
# V  [jvm.dll+0x214757]
#
# Failed to write core dump. Minidumps are not enabled by default on client versions of Windows
#
# If you would like to submit a bug report, please visit:
#   http://bugreport.java.com/bugreport/crash.jsp
#

---------------  T H R E A D  ---------------

Current thread (0x000000001e804800):  JavaThread "http-nio-8889-exec-6" daemon [_thread_in_vm, id=6424, stack(0x0000000023fb0000,0x00000000240b0000)]

siginfo: ExceptionCode=0xc0000005, writing address 0x00000000240a2d60

Registers:
RAX=0x00000000240a2d60, RBX=0x0000000000000007, RCX=0x0000000000006000, RDX=0x000000000000001f
RSP=0x00000000240a8d60, RBP=0x0000000000000000, RSI=0x00000000240a8d60, RDI=0x0000000000000007
R8 =0x000000000000001f, R9 =0x000000001d19bc40, R10=0x000000001753a158, R11=0x0000000023fba158
R12=0x000000001d19bc40, R13=0x000000001e804800, R14=0x00000000240a8e90, R15=0x000000001753a158
RIP=0x0000000054a84757, EFLAGS=0x0000000000010206

Top of Stack: (sp=0x00000000240a8d60)
0x00000000240a8d60:   0000000000000000 000000001aa54f60
0x00000000240a8d70:   000000001e804800 000000001d19bc40
0x00000000240a8d80:   00000000ffffffff 0000000054a85687
0x00000000240a8d90:   00000000240a8e90 000000001753a158
0x00000000240a8da0:   000000001e804800 0000000000ac5ce0
0x00000000240a8db0:   0000000000000000 0000000000000000
0x00000000240a8dc0:   0000000000000000 0000000000000000
0x00000000240a8dd0:   000000001753a158 000000001e804800
0x00000000240a8de0:   0000000002fc6e60 0000000000000040
0x00000000240a8df0:   0000000000000000 0000000000000000
0x00000000240a8e00:   00000000239088a0 00007ffd128dc44f
0x00000000240a8e10:   000000000047000d 000000001753a158
0x00000000240a8e20:   000000001e804800 00000000238e7428
0x00000000240a8e30:   00000000239196a0 0000b4b9d580a022
0x00000000240a8e40:   00000000240a8fd8 000000001aa54f60
0x00000000240a8e50:   00000000240a91b0 000000005483a0b2 

Instructions: (pc=0x0000000054a84757)
0x0000000054a84737:   48 89 6c 24 30 33 ed 66 90 e8 9b 4e 08 00 ff c3
0x0000000054a84747:   48 63 c8 48 8b c6 48 0f af cf 48 ff c7 48 2b c1
0x0000000054a84757:   89 28 48 63 c3 48 3b 05 f5 80 59 00 7e db 48 8b
0x0000000054a84767:   6c 24 30 48 8b 5c 24 38 48 8b 74 24 40 48 83 c4 


Register to memory mapping:

RAX=0x00000000240a2d60 is pointing into the stack for thread: 0x000000001e804800
RBX=0x0000000000000007 is an unknown value
RCX=0x0000000000006000 is an unknown value
RDX=0x000000000000001f is an unknown value
RSP=0x00000000240a8d60 is pointing into the stack for thread: 0x000000001e804800
RBP=0x0000000000000000 is an unknown value
RSI=0x00000000240a8d60 is pointing into the stack for thread: 0x000000001e804800
RDI=0x0000000000000007 is an unknown value
R8 =0x000000000000001f is an unknown value
R9 =0x000000001d19bc40 is an unknown value
R10={method} {0x000000001753a160} 'register' '(Ljava/lang/Object;)V' in 'java/lang/ref/Finalizer'
R11=0x0000000023fba158 is pointing into the stack for thread: 0x000000001e804800
R12=0x000000001d19bc40 is an unknown value
R13=0x000000001e804800 is a thread
R14=0x00000000240a8e90 is pointing into the stack for thread: 0x000000001e804800
R15={method} {0x000000001753a160} 'register' '(Ljava/lang/Object;)V' in 'java/lang/ref/Finalizer'


Stack: [0x0000000023fb0000,0x00000000240b0000],  sp=0x00000000240a8d60,  free space=995k
Native frames: (J=compiled Java code, j=interpreted, Vv=VM code, C=native code)

Java frames: (J=compiled Java code, j=interpreted, Vv=VM code)
v  ~RuntimeStub::_register_finalizer_Java
J 2367 C2 java.util.zip.ZipFile.getInputStream(Ljava/util/zip/ZipEntry;)Ljava/io/InputStream; (304 bytes) @ 0x00000000038b4ac4 [0x00000000038b46c0+0x404]
J 2379 C2 java.util.jar.JarFile.getInputStream(Ljava/util/zip/ZipEntry;)Ljava/io/InputStream; (89 bytes) @ 0x0000000003896fac [0x0000000003896ec0+0xec]
J 4342 C2 sun.misc.Resource.getByteBuffer()Ljava/nio/ByteBuffer; (24 bytes) @ 0x0000000003d56924 [0x0000000003d56860+0xc4]
J 2833 C2 java.net.URLClassLoader$1.run()Ljava/lang/Object; (5 bytes) @ 0x00000000036aa978 [0x00000000036a91e0+0x1798]
v  ~StubRoutines::call_stub
J 190  java.security.AccessController.doPrivileged(Ljava/security/PrivilegedExceptionAction;Ljava/security/AccessControlContext;)Ljava/lang/Object; (0 bytes) @ 0x00000000030ff666 [0x00000000030ff600+0x66]
J 1405 C2 java.lang.ClassLoader.loadClass(Ljava/lang/String;Z)Ljava/lang/Class; (122 bytes) @ 0x000000000344ed80 [0x000000000344e1e0+0xba0]
J 2255 C2 java.lang.ClassLoader.loadClass(Ljava/lang/String;)Ljava/lang/Class; (7 bytes) @ 0x00000000037c18c4 [0x00000000037c1740+0x184]
v  ~StubRoutines::call_stub
J 651  java.lang.ClassLoader.defineClass1(Ljava/lang/String;[BIILjava/security/ProtectionDomain;Ljava/lang/String;)Ljava/lang/Class; (0 bytes) @ 0x000000000323321f [0x0000000003233180+0x9f]
J 4337 C2 java.lang.ClassLoader.defineClass(Ljava/lang/String;[BIILjava/security/ProtectionDomain;)Ljava/lang/Class; (43 bytes) @ 0x0000000003d5c7e0 [0x0000000003d5c2e0+0x500]
J 2971 C1 java.security.SecureClassLoader.defineClass(Ljava/lang/String;[BIILjava/security/CodeSource;)Ljava/lang/Class; (16 bytes) @ 0x00000000035cf214 [0x00000000035cf0c0+0x154]
J 2833 C2 java.net.URLClassLoader$1.run()Ljava/lang/Object; (5 bytes) @ 0x00000000036aaa54 [0x00000000036a91e0+0x1874]
v  ~StubRoutines::call_stub
J 190  java.security.AccessController.doPrivileged(Ljava/security/PrivilegedExceptionAction;Ljava/security/AccessControlContext;)Ljava/lang/Object; (0 bytes) @ 0x00000000030ff666 [0x00000000030ff600+0x66]
J 1405 C2 java.lang.ClassLoader.loadClass(Ljava/lang/String;Z)Ljava/lang/Class; (122 bytes) @ 0x000000000344ed80 [0x000000000344e1e0+0xba0]
J 2255 C2 java.lang.ClassLoader.loadClass(Ljava/lang/String;)Ljava/lang/Class; (7 bytes) @ 0x00000000037c18c4 [0x00000000037c1740+0x184]
v  ~StubRoutines::call_stub
j  org.springframework.web.servlet.mvc.method.annotation.RequestMappingHandlerAdapter.invokeHandlerMethod(Ljavax/servlet/http/HttpServletRequest;Ljavax/servlet/http/HttpServletResponse;Lorg/springframework/web/method/HandlerMethod;)Lorg/springframework/web/servlet/ModelAndView;+82
j  org.springframework.web.servlet.mvc.method.annotation.RequestMappingHandlerAdapter.handleInternal(Ljavax/servlet/http/HttpServletRequest;Ljavax/servlet/http/HttpServletResponse;Lorg/springframework/web/method/HandlerMethod;)Lorg/springframework/web/servlet/ModelAndView;+81
j  org.springframework.web.servlet.mvc.method.AbstractHandlerMethodAdapter.handle(Ljavax/servlet/http/HttpServletRequest;Ljavax/servlet/http/HttpServletResponse;Ljava/lang/Object;)Lorg/springframework/web/servlet/ModelAndView;+7
j  org.springframework.web.servlet.DispatcherServlet.doDispatch(Ljavax/servlet/http/HttpServletRequest;Ljavax/servlet/http/HttpServletResponse;)V+257
j  org.springframework.web.servlet.DispatcherServlet.doService(Ljavax/servlet/http/HttpServletRequest;Ljavax/servlet/http/HttpServletResponse;)V+212
j  org.springframework.web.servlet.FrameworkServlet.processRequest(Ljavax/servlet/http/HttpServletRequest;Ljavax/servlet/http/HttpServletResponse;)V+71
j  org.springframework.web.servlet.FrameworkServlet.doGet(Ljavax/servlet/http/HttpServletRequest;Ljavax/servlet/http/HttpServletResponse;)V+3
j  javax.servlet.http.HttpServlet.service(Ljavax/servlet/http/HttpServletRequest;Ljavax/servlet/http/HttpServletResponse;)V+35
j  org.springframework.web.servlet.FrameworkServlet.service(Ljavax/servlet/http/HttpServletRequest;Ljavax/servlet/http/HttpServletResponse;)V+33
j  javax.servlet.http.HttpServlet.service(Ljavax/servlet/ServletRequest;Ljavax/servlet/ServletResponse;)V+36
j  org.apache.catalina.core.ApplicationFilterChain.internalDoFilter(Ljavax/servlet/ServletRequest;Ljavax/servlet/ServletResponse;)V+304
j  org.apache.catalina.core.ApplicationFilterChain.doFilter(Ljavax/servlet/ServletRequest;Ljavax/servlet/ServletResponse;)V+101
j  org.apache.catalina.core.ApplicationDispatcher.invoke(Ljavax/servlet/ServletRequest;Ljavax/servlet/ServletResponse;Lorg/apache/catalina/core/ApplicationDispatcher$State;)V+341
j  org.apache.catalina.core.ApplicationDispatcher.doInclude(Ljavax/servlet/ServletRequest;Ljavax/servlet/ServletResponse;)V+275
j  org.apache.catalina.core.ApplicationDispatcher.include(Ljavax/servlet/ServletRequest;Ljavax/servlet/ServletResponse;)V+55
j  org.apache.catalina.core.StandardHostValve.custom(Lorg/apache/catalina/connector/Request;Lorg/apache/catalina/connector/Response;Lorg/apache/tomcat/util/descriptor/web/ErrorPage;)Z+131
j  org.apache.catalina.core.StandardHostValve.status(Lorg/apache/catalina/connector/Request;Lorg/apache/catalina/connector/Response;)V+159
j  org.apache.catalina.core.StandardHostValve.throwable(Lorg/apache/catalina/connector/Request;Lorg/apache/catalina/connector/Response;Ljava/lang/Throwable;)V+310
j  org.apache.catalina.core.StandardHostValve.invoke(Lorg/apache/catalina/connector/Request;Lorg/apache/catalina/connector/Response;)V+290
j  org.apache.catalina.valves.ErrorReportValve.invoke(Lorg/apache/catalina/connector/Request;Lorg/apache/catalina/connector/Response;)V+6
j  org.apache.catalina.core.StandardEngineValve.invoke(Lorg/apache/catalina/connector/Request;Lorg/apache/catalina/connector/Response;)V+45
j  org.apache.catalina.connector.CoyoteAdapter.service(Lorg/apache/coyote/Request;Lorg/apache/coyote/Response;)V+199
j  org.apache.coyote.http11.Http11Processor.service(Lorg/apache/tomcat/util/net/SocketWrapperBase;)Lorg/apache/tomcat/util/net/AbstractEndpoint$Handler$SocketState;+784
j  org.apache.coyote.AbstractProcessorLight.process(Lorg/apache/tomcat/util/net/SocketWrapperBase;Lorg/apache/tomcat/util/net/SocketEvent;)Lorg/apache/tomcat/util/net/AbstractEndpoint$Handler$SocketState;+113
j  org.apache.coyote.AbstractProtocol$ConnectionHandler.process(Lorg/apache/tomcat/util/net/SocketWrapperBase;Lorg/apache/tomcat/util/net/SocketEvent;)Lorg/apache/tomcat/util/net/AbstractEndpoint$Handler$SocketState;+442
j  org.apache.tomcat.util.net.NioEndpoint$SocketProcessor.doRun()V+221
j  org.apache.tomcat.util.net.SocketProcessorBase.run()V+21
j  java.util.concurrent.ThreadPoolExecutor.runWorker(Ljava/util/concurrent/ThreadPoolExecutor$Worker;)V+95
j  java.util.concurrent.ThreadPoolExecutor$Worker.run()V+5
j  org.apache.tomcat.util.threads.TaskThread$WrappingRunnable.run()V+4
j  java.lang.Thread.run()V+11
v  ~StubRoutines::call_stub

---------------  P R O C E S S  ---------------

Java Threads: ( => current thread )
  0x000000001f390000 JavaThread "http-nio-8889-exec-26" daemon [_thread_blocked, id=11028, stack(0x00000000255b0000,0x00000000256b0000)]
  0x000000001f393000 JavaThread "http-nio-8889-exec-25" daemon [_thread_blocked, id=10220, stack(0x00000000254b0000,0x00000000255b0000)]
  0x000000001f391800 JavaThread "http-nio-8889-exec-24" daemon [_thread_blocked, id=6824, stack(0x00000000253b0000,0x00000000254b0000)]
  0x000000001f38f000 JavaThread "http-nio-8889-exec-23" daemon [_thread_blocked, id=14572, stack(0x00000000252b0000,0x00000000253b0000)]
  0x000000001f38e800 JavaThread "http-nio-8889-exec-22" daemon [_thread_blocked, id=1484, stack(0x00000000251b0000,0x00000000252b0000)]
  0x000000001f392000 JavaThread "http-nio-8889-exec-21" daemon [_thread_blocked, id=1540, stack(0x00000000250b0000,0x00000000251b0000)]
  0x000000001e80d000 JavaThread "http-nio-8889-exec-20" daemon [_thread_blocked, id=8080, stack(0x0000000024fb0000,0x00000000250b0000)]
  0x000000001e80c000 JavaThread "http-nio-8889-exec-19" daemon [_thread_blocked, id=12632, stack(0x0000000024eb0000,0x0000000024fb0000)]
  0x000000001e80b800 JavaThread "http-nio-8889-exec-18" daemon [_thread_blocked, id=8000, stack(0x0000000024db0000,0x0000000024eb0000)]
  0x000000001e80a800 JavaThread "http-nio-8889-exec-17" daemon [_thread_blocked, id=7124, stack(0x0000000024cb0000,0x0000000024db0000)]
  0x000000001e803000 JavaThread "http-nio-8889-exec-16" daemon [_thread_blocked, id=14928, stack(0x0000000024bb0000,0x0000000024cb0000)]
  0x000000001e80a000 JavaThread "http-nio-8889-exec-15" daemon [_thread_blocked, id=14224, stack(0x0000000024ab0000,0x0000000024bb0000)]
  0x000000001e804000 JavaThread "http-nio-8889-exec-14" daemon [_thread_blocked, id=14732, stack(0x00000000249b0000,0x0000000024ab0000)]
  0x000000001e809000 JavaThread "http-nio-8889-exec-13" daemon [_thread_blocked, id=12056, stack(0x00000000248b0000,0x00000000249b0000)]
  0x000000001e806000 JavaThread "http-nio-8889-exec-12" daemon [_thread_blocked, id=14540, stack(0x00000000247b0000,0x00000000248b0000)]
  0x000000001e805800 JavaThread "http-nio-8889-exec-11" daemon [_thread_blocked, id=7308, stack(0x00000000232d0000,0x00000000233d0000)]
  0x000000001e807800 JavaThread "DestroyJavaVM" [_thread_blocked, id=10052, stack(0x0000000002c80000,0x0000000002d80000)]
  0x000000001e807000 JavaThread "http-nio-8889-Acceptor" daemon [_thread_in_native, id=14048, stack(0x00000000246b0000,0x00000000247b0000)]
  0x000000001e800000 JavaThread "http-nio-8889-ClientPoller" daemon [_thread_in_native, id=13388, stack(0x00000000245b0000,0x00000000246b0000)]
  0x000000001e801800 JavaThread "http-nio-8889-exec-10" daemon [_thread_blocked, id=9360, stack(0x00000000243b0000,0x00000000244b0000)]
  0x000000001e802800 JavaThread "http-nio-8889-exec-9" daemon [_thread_blocked, id=13620, stack(0x00000000242b0000,0x00000000243b0000)]
  0x000000001e7fe800 JavaThread "http-nio-8889-exec-8" daemon [_thread_blocked, id=8036, stack(0x00000000241b0000,0x00000000242b0000)]
  0x000000001e7fe000 JavaThread "http-nio-8889-exec-7" daemon [_thread_blocked, id=6176, stack(0x00000000240b0000,0x00000000241b0000)]
=>0x000000001e804800 JavaThread "http-nio-8889-exec-6" daemon [_thread_in_vm, id=6424, stack(0x0000000023fb0000,0x00000000240b0000)]
  0x000000001e7ff800 JavaThread "http-nio-8889-exec-5" daemon [_thread_blocked, id=12728, stack(0x0000000023eb0000,0x0000000023fb0000)]
  0x000000001e801000 JavaThread "http-nio-8889-exec-4" daemon [_thread_blocked, id=11064, stack(0x0000000023db0000,0x0000000023eb0000)]
  0x000000001a688000 JavaThread "http-nio-8889-exec-3" daemon [_thread_blocked, id=11468, stack(0x0000000023cb0000,0x0000000023db0000)]
  0x000000001a687000 JavaThread "http-nio-8889-exec-2" daemon [_thread_blocked, id=8516, stack(0x0000000023bb0000,0x0000000023cb0000)]
  0x000000001a686800 JavaThread "http-nio-8889-exec-1" daemon [_thread_blocked, id=2704, stack(0x0000000023ab0000,0x0000000023bb0000)]
  0x000000001a684000 JavaThread "http-nio-8889-BlockPoller" daemon [_thread_in_native, id=13820, stack(0x0000000021f30000,0x0000000022030000)]
  0x000000001a685800 JavaThread "container-0" [_thread_blocked, id=13392, stack(0x0000000021e30000,0x0000000021f30000)]
  0x000000001a683800 JavaThread "Catalina-utility-2" [_thread_blocked, id=3864, stack(0x0000000020d60000,0x0000000020e60000)]
  0x000000001a685000 JavaThread "Catalina-utility-1" [_thread_blocked, id=15152, stack(0x0000000020420000,0x0000000020520000)]
  0x000000001a6ad800 JavaThread "Service Thread" daemon [_thread_blocked, id=14824, stack(0x000000001b200000,0x000000001b300000)]
  0x000000001a689800 JavaThread "C1 CompilerThread3" daemon [_thread_blocked, id=8088, stack(0x000000001b100000,0x000000001b200000)]
  0x000000001a688800 JavaThread "C2 CompilerThread2" daemon [_thread_in_native, id=9272, stack(0x000000001b000000,0x000000001b100000)]
  0x000000001a66a000 JavaThread "C2 CompilerThread1" daemon [_thread_in_native, id=13008, stack(0x000000001af00000,0x000000001b000000)]
  0x000000001a669000 JavaThread "C2 CompilerThread0" daemon [_thread_in_native, id=11828, stack(0x000000001ae00000,0x000000001af00000)]
  0x000000001a650000 JavaThread "Monitor Ctrl-Break" daemon [_thread_in_native, id=3576, stack(0x000000001ad00000,0x000000001ae00000)]
  0x0000000019e3e800 JavaThread "Attach Listener" daemon [_thread_blocked, id=6652, stack(0x000000001a400000,0x000000001a500000)]
  0x0000000019e98800 JavaThread "Signal Dispatcher" daemon [_thread_blocked, id=11680, stack(0x000000001a300000,0x000000001a400000)]
  0x0000000019e20800 JavaThread "Finalizer" daemon [_thread_blocked, id=3320, stack(0x000000001a200000,0x000000001a300000)]
  0x0000000002f7e000 JavaThread "Reference Handler" daemon [_thread_blocked, id=14868, stack(0x0000000019d00000,0x0000000019e00000)]

Other Threads:
  0x0000000017ef8800 VMThread [stack: 0x0000000019c00000,0x0000000019d00000] [id=236]
  0x000000001a7cc800 WatcherThread [stack: 0x000000001b300000,0x000000001b400000] [id=4140]

VM state:not at safepoint (normal execution)

VM Mutex/Monitor currently owned by a thread: None

Heap:
 PSYoungGen      total 260608K, used 195024K [0x00000000d5f00000, 0x00000000e7f80000, 0x0000000100000000)
  eden space 229888K, 84% used [0x00000000d5f00000,0x00000000e1d74258,0x00000000e3f80000)
  from space 30720K, 0% used [0x00000000e5c00000,0x00000000e5c00000,0x00000000e7a00000)
  to   space 29184K, 0% used [0x00000000e3f80000,0x00000000e3f80000,0x00000000e5c00000)
 ParOldGen       total 101888K, used 22853K [0x0000000081c00000, 0x0000000087f80000, 0x00000000d5f00000)
  object space 101888K, 22% used [0x0000000081c00000,0x0000000083251618,0x0000000087f80000)
 Metaspace       used 43788K, capacity 45698K, committed 45824K, reserved 1089536K
  class space    used 5741K, capacity 6109K, committed 6144K, reserved 1048576K

Card table byte_map: [0x0000000012340000,0x0000000012740000] byte_map_base: 0x0000000011f32000

Marking Bits: (ParMarkBitMap*) 0x0000000055092d00
 Begin Bits: [0x00000000131f0000, 0x0000000015180000)
 End Bits:   [0x0000000015180000, 0x0000000017110000)

Polling page: 0x0000000001030000

CodeCache: size=245760Kb used=13851Kb max_used=15083Kb free=231908Kb
 bounds [0x0000000002f80000, 0x0000000003e50000, 0x0000000011f80000]
 total_blobs=4269 nmethods=3807 adapters=372
 compilation: enabled

Compilation events (10 events):
Event: 17.854 Thread 0x000000001a689800 4720       3       java.lang.ThreadLocal::setInitialValue (36 bytes)
Event: 17.854 Thread 0x000000001a689800 nmethod 4720 0x000000000375c150 code [0x000000000375c300, 0x000000000375c7b8]
Event: 17.855 Thread 0x000000001a689800 4723       3       java.util.concurrent.locks.ReentrantLock$NonfairSync::tryAcquire (6 bytes)
Event: 17.856 Thread 0x000000001a689800 nmethod 4723 0x000000000391b950 code [0x000000000391bac0, 0x000000000391bcc8]
Event: 17.856 Thread 0x000000001a689800 4719       1       sun.nio.ch.SelectionKeyImpl::getIndex (5 bytes)
Event: 17.856 Thread 0x000000001a689800 nmethod 4719 0x000000000391b650 code [0x000000000391b7a0, 0x000000000391b8b0]
Event: 17.857 Thread 0x000000001a689800 4725       1       org.apache.coyote.Request::getRequestProcessor (5 bytes)
Event: 17.857 Thread 0x000000001a689800 nmethod 4725 0x0000000003144a50 code [0x0000000003144ba0, 0x0000000003144cb0]
Event: 17.858 Thread 0x000000001a689800 4726       3       java.lang.invoke.LambdaMetafactory::metafactory (35 bytes)
Event: 17.859 Thread 0x000000001a689800 nmethod 4726 0x00000000032ffc90 code [0x00000000032ffe20, 0x0000000003300128]

GC Heap History (10 events):
Event: 4.344 GC heap before
{Heap before GC invocations=10 (full 1):
 PSYoungGen      total 147968K, used 147963K [0x00000000d5f00000, 0x00000000e3500000, 0x0000000100000000)
  eden space 139264K, 100% used [0x00000000d5f00000,0x00000000de700000,0x00000000de700000)
  from space 8704K, 99% used [0x00000000df600000,0x00000000dfe7efa8,0x00000000dfe80000)
  to   space 15360K, 0% used [0x00000000de700000,0x00000000de700000,0x00000000df600000)
 ParOldGen       total 59392K, used 20151K [0x0000000081c00000, 0x0000000085600000, 0x00000000d5f00000)
  object space 59392K, 33% used [0x0000000081c00000,0x0000000082fadfb0,0x0000000085600000)
 Metaspace       used 24331K, capacity 24984K, committed 25088K, reserved 1071104K
  class space    used 3108K, capacity 3268K, committed 3328K, reserved 1048576K
Event: 4.376 GC heap after
Heap after GC invocations=10 (full 1):
 PSYoungGen      total 154624K, used 15336K [0x00000000d5f00000, 0x00000000e3c80000, 0x0000000100000000)
  eden space 139264K, 0% used [0x00000000d5f00000,0x00000000d5f00000,0x00000000de700000)
  from space 15360K, 99% used [0x00000000de700000,0x00000000df5fa070,0x00000000df600000)
  to   space 23040K, 0% used [0x00000000e2600000,0x00000000e2600000,0x00000000e3c80000)
 ParOldGen       total 59392K, used 32880K [0x0000000081c00000, 0x0000000085600000, 0x00000000d5f00000)
  object space 59392K, 55% used [0x0000000081c00000,0x0000000083c1c148,0x0000000085600000)
 Metaspace       used 24331K, capacity 24984K, committed 25088K, reserved 1071104K
  class space    used 3108K, capacity 3268K, committed 3328K, reserved 1048576K
}
Event: 5.351 GC heap before
{Heap before GC invocations=11 (full 1):
 PSYoungGen      total 154624K, used 154600K [0x00000000d5f00000, 0x00000000e3c80000, 0x0000000100000000)
  eden space 139264K, 100% used [0x00000000d5f00000,0x00000000de700000,0x00000000de700000)
  from space 15360K, 99% used [0x00000000de700000,0x00000000df5fa070,0x00000000df600000)
  to   space 23040K, 0% used [0x00000000e2600000,0x00000000e2600000,0x00000000e3c80000)
 ParOldGen       total 59392K, used 32880K [0x0000000081c00000, 0x0000000085600000, 0x00000000d5f00000)
  object space 59392K, 55% used [0x0000000081c00000,0x0000000083c1c148,0x0000000085600000)
 Metaspace       used 27693K, capacity 28564K, committed 28928K, reserved 1075200K
  class space    used 3528K, capacity 3732K, committed 3840K, reserved 1048576K
Event: 5.391 GC heap after
Heap after GC invocations=11 (full 1):
 PSYoungGen      total 201216K, used 21463K [0x00000000d5f00000, 0x00000000e4280000, 0x0000000100000000)
  eden space 178176K, 0% used [0x00000000d5f00000,0x00000000d5f00000,0x00000000e0d00000)
  from space 23040K, 93% used [0x00000000e2600000,0x00000000e3af5e60,0x00000000e3c80000)
  to   space 25600K, 0% used [0x00000000e0d00000,0x00000000e0d00000,0x00000000e2600000)
 ParOldGen       total 59392K, used 32888K [0x0000000081c00000, 0x0000000085600000, 0x00000000d5f00000)
  object space 59392K, 55% used [0x0000000081c00000,0x0000000083c1e148,0x0000000085600000)
 Metaspace       used 27693K, capacity 28564K, committed 28928K, reserved 1075200K
  class space    used 3528K, capacity 3732K, committed 3840K, reserved 1048576K
}
Event: 8.047 GC heap before
{Heap before GC invocations=12 (full 1):
 PSYoungGen      total 201216K, used 199639K [0x00000000d5f00000, 0x00000000e4280000, 0x0000000100000000)
  eden space 178176K, 100% used [0x00000000d5f00000,0x00000000e0d00000,0x00000000e0d00000)
  from space 23040K, 93% used [0x00000000e2600000,0x00000000e3af5e60,0x00000000e3c80000)
  to   space 25600K, 0% used [0x00000000e0d00000,0x00000000e0d00000,0x00000000e2600000)
 ParOldGen       total 59392K, used 32888K [0x0000000081c00000, 0x0000000085600000, 0x00000000d5f00000)
  object space 59392K, 55% used [0x0000000081c00000,0x0000000083c1e148,0x0000000085600000)
 Metaspace       used 33383K, capacity 34718K, committed 35072K, reserved 1079296K
  class space    used 4240K, capacity 4503K, committed 4608K, reserved 1048576K
Event: 8.089 GC heap after
Heap after GC invocations=12 (full 1):
 PSYoungGen      total 203776K, used 25589K [0x00000000d5f00000, 0x00000000e7a00000, 0x0000000100000000)
  eden space 178176K, 0% used [0x00000000d5f00000,0x00000000d5f00000,0x00000000e0d00000)
  from space 25600K, 99% used [0x00000000e0d00000,0x00000000e25fd460,0x00000000e2600000)
  to   space 30720K, 0% used [0x00000000e5c00000,0x00000000e5c00000,0x00000000e7a00000)
 ParOldGen       total 59392K, used 35452K [0x0000000081c00000, 0x0000000085600000, 0x00000000d5f00000)
  object space 59392K, 59% used [0x0000000081c00000,0x0000000083e9f098,0x0000000085600000)
 Metaspace       used 33383K, capacity 34718K, committed 35072K, reserved 1079296K
  class space    used 4240K, capacity 4503K, committed 4608K, reserved 1048576K
}
Event: 8.283 GC heap before
{Heap before GC invocations=13 (full 1):
 PSYoungGen      total 203776K, used 39003K [0x00000000d5f00000, 0x00000000e7a00000, 0x0000000100000000)
  eden space 178176K, 7% used [0x00000000d5f00000,0x00000000d6c19860,0x00000000e0d00000)
  from space 25600K, 99% used [0x00000000e0d00000,0x00000000e25fd460,0x00000000e2600000)
  to   space 30720K, 0% used [0x00000000e5c00000,0x00000000e5c00000,0x00000000e7a00000)
 ParOldGen       total 59392K, used 35452K [0x0000000081c00000, 0x0000000085600000, 0x00000000d5f00000)
  object space 59392K, 59% used [0x0000000081c00000,0x0000000083e9f098,0x0000000085600000)
 Metaspace       used 33995K, capacity 35314K, committed 35416K, reserved 1081344K
  class space    used 4309K, capacity 4571K, committed 4608K, reserved 1048576K
Event: 8.298 GC heap after
Heap after GC invocations=13 (full 1):
 PSYoungGen      total 260608K, used 10273K [0x00000000d5f00000, 0x00000000e7f80000, 0x0000000100000000)
  eden space 229888K, 0% used [0x00000000d5f00000,0x00000000d5f00000,0x00000000e3f80000)
  from space 30720K, 33% used [0x00000000e5c00000,0x00000000e66086d8,0x00000000e7a00000)
  to   space 29184K, 0% used [0x00000000e3f80000,0x00000000e3f80000,0x00000000e5c00000)
 ParOldGen       total 59392K, used 41196K [0x0000000081c00000, 0x0000000085600000, 0x00000000d5f00000)
  object space 59392K, 69% used [0x0000000081c00000,0x000000008443b098,0x0000000085600000)
 Metaspace       used 33995K, capacity 35314K, committed 35416K, reserved 1081344K
  class space    used 4309K, capacity 4571K, committed 4608K, reserved 1048576K
}
Event: 8.298 GC heap before
{Heap before GC invocations=14 (full 2):
 PSYoungGen      total 260608K, used 10273K [0x00000000d5f00000, 0x00000000e7f80000, 0x0000000100000000)
  eden space 229888K, 0% used [0x00000000d5f00000,0x00000000d5f00000,0x00000000e3f80000)
  from space 30720K, 33% used [0x00000000e5c00000,0x00000000e66086d8,0x00000000e7a00000)
  to   space 29184K, 0% used [0x00000000e3f80000,0x00000000e3f80000,0x00000000e5c00000)
 ParOldGen       total 59392K, used 41196K [0x0000000081c00000, 0x0000000085600000, 0x00000000d5f00000)
  object space 59392K, 69% used [0x0000000081c00000,0x000000008443b098,0x0000000085600000)
 Metaspace       used 33995K, capacity 35314K, committed 35416K, reserved 1081344K
  class space    used 4309K, capacity 4571K, committed 4608K, reserved 1048576K
Event: 8.410 GC heap after
Heap after GC invocations=14 (full 2):
 PSYoungGen      total 260608K, used 0K [0x00000000d5f00000, 0x00000000e7f80000, 0x0000000100000000)
  eden space 229888K, 0% used [0x00000000d5f00000,0x00000000d5f00000,0x00000000e3f80000)
  from space 30720K, 0% used [0x00000000e5c00000,0x00000000e5c00000,0x00000000e7a00000)
  to   space 29184K, 0% used [0x00000000e3f80000,0x00000000e3f80000,0x00000000e5c00000)
 ParOldGen       total 101888K, used 22853K [0x0000000081c00000, 0x0000000087f80000, 0x00000000d5f00000)
  object space 101888K, 22% used [0x0000000081c00000,0x0000000083251618,0x0000000087f80000)
 Metaspace       used 33995K, capacity 35314K, committed 35416K, reserved 1081344K
  class space    used 4309K, capacity 4571K, committed 4608K, reserved 1048576K
}

Deoptimization events (10 events):
Event: 17.679 Thread 0x000000001a688000 Uncommon trap: reason=predicate action=maybe_recompile pc=0x0000000003dcf1d0 method=org.springframework.util.StringUtils.tokenizeToStringArray(Ljava/lang/String;Ljava/lang/String;ZZ)[Ljava/lang/String; @ 37
Event: 17.716 Thread 0x000000001a687000 Uncommon trap: reason=unstable_if action=reinterpret pc=0x0000000003a4c8ec method=java.util.concurrent.ConcurrentHashMap.addCount(JI)V @ 34
Event: 17.804 Thread 0x000000001e7fe800 Uncommon trap: reason=unstable_if action=reinterpret pc=0x0000000003d5e080 method=java.nio.Buffer.limit(I)Ljava/nio/Buffer; @ 33
Event: 17.808 Thread 0x000000001e800000 Uncommon trap: reason=speculate_class_check action=maybe_recompile pc=0x00000000030a239c method=java.util.HashMap.removeNode(ILjava/lang/Object;Ljava/lang/Object;ZZ)Ljava/util/HashMap$Node; @ 283
Event: 17.808 Thread 0x000000001e800000 Uncommon trap: reason=speculate_class_check action=maybe_recompile pc=0x00000000030a239c method=java.util.HashMap.removeNode(ILjava/lang/Object;Ljava/lang/Object;ZZ)Ljava/util/HashMap$Node; @ 283
Event: 17.815 Thread 0x000000001e800000 Uncommon trap: reason=speculate_class_check action=maybe_recompile pc=0x00000000030a239c method=java.util.HashMap.removeNode(ILjava/lang/Object;Ljava/lang/Object;ZZ)Ljava/util/HashMap$Node; @ 283
Event: 17.815 Thread 0x000000001e800000 Uncommon trap: reason=speculate_class_check action=maybe_recompile pc=0x00000000030a239c method=java.util.HashMap.removeNode(ILjava/lang/Object;Ljava/lang/Object;ZZ)Ljava/util/HashMap$Node; @ 283
Event: 17.819 Thread 0x000000001a687000 Uncommon trap: reason=unstable_if action=reinterpret pc=0x0000000003106a20 method=org.springframework.util.AntPathMatcher.isPotentialMatch(Ljava/lang/String;[Ljava/lang/String;)Z @ 24
Event: 17.819 Thread 0x000000001a687000 Uncommon trap: reason=unstable_if action=reinterpret pc=0x0000000003e24034 method=org.springframework.util.AntPathMatcher$AntPathStringMatcher.matchStrings(Ljava/lang/String;Ljava/util/Map;)Z @ 17
Event: 17.823 Thread 0x000000001a688000 Uncommon trap: reason=unstable_if action=reinterpret pc=0x0000000003ddc398 method=org.springframework.util.AntPathMatcher$AntPathStringMatcher.matchStrings(Ljava/lang/String;Ljava/util/Map;)Z @ 17

Classes redefined (0 events):
No events

Internal exceptions (10 events):
Event: 17.852 Thread 0x000000001e80b800 Exception <a 'java/io/IOException'> (0x00000000e0dbd238) thrown at [C:\re\workspace\8-2-build-windows-amd64-cygwin\jdk8u181\11358\hotspot\src\share\vm\prims\jni.cpp, line 709]
Event: 17.852 Thread 0x000000001f393000 Exception <a 'java/io/IOException'> (0x00000000e0b7e650) thrown at [C:\re\workspace\8-2-build-windows-amd64-cygwin\jdk8u181\11358\hotspot\src\share\vm\prims\jni.cpp, line 709]
Event: 17.852 Thread 0x000000001e80a000 Exception <a 'java/io/IOException'> (0x00000000e0ffbe20) thrown at [C:\re\workspace\8-2-build-windows-amd64-cygwin\jdk8u181\11358\hotspot\src\share\vm\prims\jni.cpp, line 709]
Event: 17.853 Thread 0x000000001e80c000 Exception <a 'java/io/IOException'> (0x00000000e123aa08) thrown at [C:\re\workspace\8-2-build-windows-amd64-cygwin\jdk8u181\11358\hotspot\src\share\vm\prims\jni.cpp, line 709]
Event: 17.853 Thread 0x000000001f38e800 Exception <a 'java/io/IOException'> (0x00000000e14795f0) thrown at [C:\re\workspace\8-2-build-windows-amd64-cygwin\jdk8u181\11358\hotspot\src\share\vm\prims\jni.cpp, line 709]
Event: 17.853 Thread 0x000000001e804000 Exception <a 'java/io/IOException'> (0x00000000e18f6dc0) thrown at [C:\re\workspace\8-2-build-windows-amd64-cygwin\jdk8u181\11358\hotspot\src\share\vm\prims\jni.cpp, line 709]
Event: 17.853 Thread 0x000000001f38f000 Exception <a 'java/io/IOException'> (0x00000000e16b81d8) thrown at [C:\re\workspace\8-2-build-windows-amd64-cygwin\jdk8u181\11358\hotspot\src\share\vm\prims\jni.cpp, line 709]
Event: 17.855 Thread 0x000000001e806000 Exception <a 'java/io/IOException'> (0x00000000dfe06658) thrown at [C:\re\workspace\8-2-build-windows-amd64-cygwin\jdk8u181\11358\hotspot\src\share\vm\prims\jni.cpp, line 709]
Event: 17.856 Thread 0x000000001e7ff800 Exception <a 'java/io/IOException'> (0x00000000de8dfae8) thrown at [C:\re\workspace\8-2-build-windows-amd64-cygwin\jdk8u181\11358\hotspot\src\share\vm\prims\jni.cpp, line 709]
Event: 17.856 Thread 0x000000001f390000 Exception <a 'java/io/IOException'> (0x00000000e1b359a8) thrown at [C:\re\workspace\8-2-build-windows-amd64-cygwin\jdk8u181\11358\hotspot\src\share\vm\prims\jni.cpp, line 709]

Events (10 events):
Event: 17.861 Executing VM operation: RevokeBias
Event: 17.862 Executing VM operation: RevokeBias done
Event: 17.862 Executing VM operation: RevokeBias
Event: 17.862 Executing VM operation: RevokeBias done
Event: 17.862 Executing VM operation: RevokeBias
Event: 17.862 Executing VM operation: RevokeBias done
Event: 17.862 loading class org/springframework/validation/support/BindingAwareModelMap
Event: 17.862 loading class org/springframework/validation/support/BindingAwareModelMap done
Event: 17.863 loading class org/springframework/ui/ExtendedModelMap
Event: 17.863 loading class org/springframework/ui/ExtendedModelMap done


Dynamic libraries:
0x00007ff7e88b0000 - 0x00007ff7e88e7000 	D:\java\jdk1.8\bin\java.exe
0x00007ffd128a0000 - 0x00007ffd12a90000 	C:\Windows\SYSTEM32\ntdll.dll
0x00007ffd110c0000 - 0x00007ffd11172000 	C:\Windows\System32\KERNEL32.DLL
0x00007ffd0fd60000 - 0x00007ffd10003000 	C:\Windows\System32\KERNELBASE.dll
0x00007ffd11e60000 - 0x00007ffd11f03000 	C:\Windows\System32\ADVAPI32.dll
0x00007ffd117c0000 - 0x00007ffd1185e000 	C:\Windows\System32\msvcrt.dll
0x00007ffd11260000 - 0x00007ffd112f7000 	C:\Windows\System32\sechost.dll
0x00007ffd113c0000 - 0x00007ffd114e0000 	C:\Windows\System32\RPCRT4.dll
0x00007ffd125f0000 - 0x00007ffd12783000 	C:\Windows\System32\USER32.dll
0x00007ffd10790000 - 0x00007ffd107b1000 	C:\Windows\System32\win32u.dll
0x00007ffd116a0000 - 0x00007ffd116c6000 	C:\Windows\System32\GDI32.dll
0x00007ffd107c0000 - 0x00007ffd10954000 	C:\Windows\System32\gdi32full.dll
0x00007ffd0fcc0000 - 0x00007ffd0fd5e000 	C:\Windows\System32\msvcp_win.dll
0x00007ffd0fbc0000 - 0x00007ffd0fcba000 	C:\Windows\System32\ucrtbase.dll
0x00007ffd006a0000 - 0x00007ffd00925000 	C:\Windows\WinSxS\amd64_microsoft.windows.common-controls_6595b64144ccf1df_6.0.18362.145_none_e6c3ab8b131013d6\COMCTL32.dll
0x00007ffd11b20000 - 0x00007ffd11e56000 	C:\Windows\System32\combase.dll
0x00007ffd0fae0000 - 0x00007ffd0fb61000 	C:\Windows\System32\bcryptPrimitives.dll
0x00007ffd116d0000 - 0x00007ffd116fe000 	C:\Windows\System32\IMM32.DLL
0x0000000055120000 - 0x00000000551f2000 	D:\java\jdk1.8\jre\bin\msvcr100.dll
0x0000000054870000 - 0x0000000055112000 	D:\java\jdk1.8\jre\bin\server\jvm.dll
0x00007ffd11250000 - 0x00007ffd11258000 	C:\Windows\System32\PSAPI.DLL
0x00007ffd0d4f0000 - 0x00007ffd0d514000 	C:\Windows\SYSTEM32\WINMM.dll
0x00007ffd046a0000 - 0x00007ffd046aa000 	C:\Windows\SYSTEM32\VERSION.dll
0x00007ffcfd2e0000 - 0x00007ffcfd2e9000 	C:\Windows\SYSTEM32\WSOCK32.dll
0x00007ffd11ab0000 - 0x00007ffd11b1f000 	C:\Windows\System32\WS2_32.dll
0x00007ffd0d070000 - 0x00007ffd0d09d000 	C:\Windows\SYSTEM32\WINMMBASE.dll
0x00007ffd0f8e0000 - 0x00007ffd0f92a000 	C:\Windows\System32\cfgmgr32.dll
0x0000000054860000 - 0x000000005486f000 	D:\java\jdk1.8\jre\bin\verify.dll
0x0000000054830000 - 0x0000000054859000 	D:\java\jdk1.8\jre\bin\java.dll
0x00000000547a0000 - 0x00000000547c3000 	D:\java\jdk1.8\jre\bin\instrument.dll
0x0000000054810000 - 0x0000000054826000 	D:\java\jdk1.8\jre\bin\zip.dll
0x00007ffd109e0000 - 0x00007ffd110c0000 	C:\Windows\System32\SHELL32.dll
0x00007ffd11710000 - 0x00007ffd117b9000 	C:\Windows\System32\shcore.dll
0x00007ffd10010000 - 0x00007ffd1078b000 	C:\Windows\System32\windows.storage.dll
0x00007ffd0f810000 - 0x00007ffd0f82f000 	C:\Windows\System32\profapi.dll
0x00007ffd0f7a0000 - 0x00007ffd0f7ea000 	C:\Windows\System32\powrprof.dll
0x00007ffd0f770000 - 0x00007ffd0f780000 	C:\Windows\System32\UMPDC.dll
0x00007ffd11300000 - 0x00007ffd11352000 	C:\Windows\System32\shlwapi.dll
0x00007ffd0f7f0000 - 0x00007ffd0f801000 	C:\Windows\System32\kernel.appcore.dll
0x00007ffd0fb70000 - 0x00007ffd0fb87000 	C:\Windows\System32\cryptsp.dll
0x00007ffd0bd80000 - 0x00007ffd0bd9a000 	D:\java\IntelliJ IDEA 2019.3.4\bin\breakgen64.dll
0x00000000547f0000 - 0x000000005480a000 	D:\java\jdk1.8\jre\bin\net.dll
0x00007ffd0efe0000 - 0x00007ffd0f047000 	C:\Windows\system32\mswsock.dll
0x0000000055210000 - 0x000000005521d000 	D:\java\jdk1.8\jre\bin\management.dll
0x00007ffcf8fd0000 - 0x00007ffcf8fe6000 	C:\Windows\system32\napinsp.dll
0x00007ffcf8fb0000 - 0x00007ffcf8fca000 	C:\Windows\system32\pnrpnsp.dll
0x00007ffd0ed80000 - 0x00007ffd0ee4a000 	C:\Windows\SYSTEM32\DNSAPI.dll
0x00007ffd12380000 - 0x00007ffd12388000 	C:\Windows\System32\NSI.dll
0x00007ffd0ed40000 - 0x00007ffd0ed7a000 	C:\Windows\SYSTEM32\IPHLPAPI.DLL
0x00007ffcf8d00000 - 0x00007ffcf8d0e000 	C:\Windows\System32\winrnr.dll
0x00007ffd0bd20000 - 0x00007ffd0bd3c000 	C:\Windows\system32\NLAapi.dll
0x00007ffcf8ca0000 - 0x00007ffcf8cb5000 	C:\Windows\system32\wshbth.dll
0x00007ffd02770000 - 0x00007ffd0277a000 	C:\Windows\System32\rasadhlp.dll
0x00007ffd084c0000 - 0x00007ffd08537000 	C:\Windows\System32\fwpuclnt.dll
0x00007ffd0fb90000 - 0x00007ffd0fbb6000 	C:\Windows\System32\bcrypt.dll
0x00000000547d0000 - 0x00000000547e1000 	D:\java\jdk1.8\jre\bin\nio.dll
0x00007ffd0eba0000 - 0x00007ffd0ebd3000 	C:\Windows\system32\rsaenh.dll
0x00007ffd0f660000 - 0x00007ffd0f685000 	C:\Windows\SYSTEM32\USERENV.dll
0x00007ffd0f1b0000 - 0x00007ffd0f1bc000 	C:\Windows\SYSTEM32\CRYPTBASE.dll
0x00007ffd09080000 - 0x00007ffd09096000 	C:\Windows\SYSTEM32\dhcpcsvc6.DLL
0x00007ffd09060000 - 0x00007ffd0907c000 	C:\Windows\SYSTEM32\dhcpcsvc.DLL
0x00007ffcfdc70000 - 0x00007ffcfde64000 	C:\Windows\SYSTEM32\dbghelp.dll

VM Arguments:
jvm_args: -javaagent:D:\java\IntelliJ IDEA 2019.3.4\lib\idea_rt.jar=63175:D:\java\IntelliJ IDEA 2019.3.4\bin -Dfile.encoding=UTF-8 
java_command: com.App
java_class_path (initial): D:\java\jdk1.8\jre\lib\charsets.jar;D:\java\jdk1.8\jre\lib\deploy.jar;D:\java\jdk1.8\jre\lib\ext\access-bridge-64.jar;D:\java\jdk1.8\jre\lib\ext\cldrdata.jar;D:\java\jdk1.8\jre\lib\ext\dnsns.jar;D:\java\jdk1.8\jre\lib\ext\jaccess.jar;D:\java\jdk1.8\jre\lib\ext\jfxrt.jar;D:\java\jdk1.8\jre\lib\ext\localedata.jar;D:\java\jdk1.8\jre\lib\ext\nashorn.jar;D:\java\jdk1.8\jre\lib\ext\sunec.jar;D:\java\jdk1.8\jre\lib\ext\sunjce_provider.jar;D:\java\jdk1.8\jre\lib\ext\sunmscapi.jar;D:\java\jdk1.8\jre\lib\ext\sunpkcs11.jar;D:\java\jdk1.8\jre\lib\ext\zipfs.jar;D:\java\jdk1.8\jre\lib\javaws.jar;D:\java\jdk1.8\jre\lib\jce.jar;D:\java\jdk1.8\jre\lib\jfr.jar;D:\java\jdk1.8\jre\lib\jfxswt.jar;D:\java\jdk1.8\jre\lib\jsse.jar;D:\java\jdk1.8\jre\lib\management-agent.jar;D:\java\jdk1.8\jre\lib\plugin.jar;D:\java\jdk1.8\jre\lib\resources.jar;D:\java\jdk1.8\jre\lib\rt.jar;D:\java\code\cloud_demo\aliPay_zhifu\target\classes;D:\java\code\cloud_demo\aliPay_zhifu\lib\api-web.jar;D:\java\repository\org\springframework\boot\spring-boot-starter-data-redis\2.1.8.RELEASE\spring-boot-starter-data-redis-2.1.8.RELEASE.jar;D:\java\repository\org\springframework\boot\spring-boot-starter\2.1.8.RELEASE\spring-boot-starter-2.1.8.RELEASE.jar;D:\java\repository\org\springframework\boot\spring-boot\2.1.8.RELEASE\spring-boot-2.1.8.RELEASE.jar;D:\java\repository\org\springframework\boot\spring-boot-autoconfigure\2.1.8.RELEASE\spring-boot-autoconfigure-2.1.8.RELEASE.jar;D:\java\repository\org\springframework\boot\spring-boot-starter-logging\2.1.8.RELEASE\spring-boot-starter-logging-2.1.8.RELEASE.jar;D:\java\repository\ch\qos\logback\logback-classic\1.2.3\logback-classic-1.2.3.jar;D:\java\repository\ch\qos\logback\logback-core\1.2.3\logback-core-1.2.3.jar;D:\java\repository\org\apache\logging\log4j\log4j-to-slf4j\2.11.2\log4j-to-slf4j-2.11.2.jar;D:\java\repository\org\apache\logging\log4j\log4j-api\2.11.2\log4j-api-2.11.2.jar;D:\java\repository\org\slf4j\jul-to-slf4j\1.7.28\jul-to-sl
Launcher Type: SUN_STANDARD

Environment Variables:
JAVA_HOME=D:\java\jdk1.8
PATH=D:\java\rocketmq\bin;C:\Program Files (x86)\NetSarang\Xftp 6\;D:\java\mmpeg\ffmpeg-20200216-8578433-win64-static\bin;D:\java\mysql-5.7.29-winx64\bin;D:\java\OpenSSL-Win64\bin;D:\java\gradle-4.8\bin;d:\erlang9.3\bin;D:\java\apache-maven-3.5.4\bin;D:\java\jdk1.8\bin;C:\Windows\system32;C:\Windows;C:\Windows\System32\Wbem;C:\Windows\System32\WindowsPowerShell\v1.0\;C:\Windows\System32\OpenSSH\;C:\Program Files (x86)\NVIDIA Corporation\PhysX\Common;D:\java\MySQL\MySQL Server 5.5\bin;D:\java\git\Git\cmd;D:\java\gitWuGui\bin;D:\java\SVN\bin;D:\java\SVN Wu GUI\bin;C:\Program Files\nodejs\;D:\putty\;C:\Users\aa\AppData\Local\Microsoft\WindowsApps;C:\Users\aa\AppData\Roaming\npm;D:\java\protoc-3.7.0-win64\bin;;D:\java\VS code\bin
USERNAME=aa
OS=Windows_NT
PROCESSOR_IDENTIFIER=Intel64 Family 6 Model 142 Stepping 10, GenuineIntel



---------------  S Y S T E M  ---------------

OS: Windows 10.0 , 64 bit Build 18362 (10.0.18362.86)

CPU:total 8 (initial active 8) (4 cores per cpu, 2 threads per core) family 6 model 142 stepping 10, cmov, cx8, fxsr, mmx, sse, sse2, sse3, ssse3, sse4.1, sse4.2, popcnt, avx, avx2, aes, clmul, erms, 3dnowpref, lzcnt, ht, tsc, tscinvbit, bmi1, bmi2, adx

Memory: 4k page, physical 8269924k(557612k free), swap 16658532k(268680k free)

vm_info: Java HotSpot(TM) 64-Bit Server VM (25.181-b13) for windows-amd64 JRE (1.8.0_181-b13), built on Jul  7 2018 04:01:33 by "java_re" with MS VC++ 10.0 (VS2010)

time: Sat Apr 11 01:26:34 2020
elapsed time: 17 seconds (0d 0h 0m 17s)

