#
# There is insufficient memory for the Java Runtime Environment to continue.
# Native memory allocation (malloc) failed to allocate 44736 bytes for Chunk::new
# Possible reasons:
#   The system is out of physical RAM or swap space
#   In 32 bit mode, the process size limit was hit
# Possible solutions:
#   Reduce memory load on the system
#   Increase physical memory or swap space
#   Check if swap backing store is full
#   Use 64 bit Java on a 64 bit OS
#   Decrease Java heap size (-Xmx/-Xms)
#   Decrease number of Java threads
#   Decrease Java thread stack sizes (-Xss)
#   Set larger code cache with -XX:ReservedCodeCacheSize=
# This output file may be truncated or incomplete.
#
#  Out of Memory Error (allocation.cpp:390), pid=9904, tid=0x0000000000003a98
#
# JRE version: Java(TM) SE Runtime Environment (8.0_181-b13) (build 1.8.0_181-b13)
# Java VM: Java HotSpot(TM) 64-Bit Server VM (25.181-b13 mixed mode windows-amd64 compressed oops)
# Failed to write core dump. Minidumps are not enabled by default on client versions of Windows
#

---------------  T H R E A D  ---------------

Current thread (0x000000001a5fe800):  JavaThread "C2 CompilerThread1" daemon [_thread_in_native, id=15000, stack(0x000000001ae80000,0x000000001af80000)]

Stack: [0x000000001ae80000,0x000000001af80000]
[error occurred during error reporting (printing stack bounds), id 0xc0000005]

Native frames: (J=compiled Java code, j=interpreted, Vv=VM code, C=native code)


Current CompileTask:
C2:    618  376       4       java.lang.AbstractStringBuilder::append (50 bytes)


---------------  P R O C E S S  ---------------

Java Threads: ( => current thread )
  0x000000001a986000 JavaThread "pool-1-thread-3" [_thread_in_native, id=7332, stack(0x000000001b580000,0x000000001b680000)]
  0x000000001a9db000 JavaThread "pool-1-thread-2" [_thread_in_native, id=7196, stack(0x000000001b480000,0x000000001b580000)]
  0x000000001a9da800 JavaThread "pool-1-thread-1" [_thread_in_native, id=6032, stack(0x000000001b380000,0x000000001b480000)]
  0x000000001a61b800 JavaThread "Service Thread" daemon [_thread_blocked, id=584, stack(0x000000001b180000,0x000000001b280000)]
  0x000000001a604000 JavaThread "C1 CompilerThread3" daemon [_thread_blocked, id=7720, stack(0x000000001b080000,0x000000001b180000)]
  0x000000001a5ff800 JavaThread "C2 CompilerThread2" daemon [_thread_blocked, id=724, stack(0x000000001af80000,0x000000001b080000)]
=>0x000000001a5fe800 JavaThread "C2 CompilerThread1" daemon [_thread_in_native, id=15000, stack(0x000000001ae80000,0x000000001af80000)]
  0x000000001a5fe000 JavaThread "C2 CompilerThread0" daemon [_thread_blocked, id=14904, stack(0x000000001ad80000,0x000000001ae80000)]
  0x000000001a5d3000 JavaThread "Monitor Ctrl-Break" daemon [_thread_in_native, id=396, stack(0x000000001ac80000,0x000000001ad80000)]
  0x0000000019e14000 JavaThread "Attach Listener" daemon [_thread_blocked, id=6728, stack(0x000000001a380000,0x000000001a480000)]
  0x0000000019e13800 JavaThread "Signal Dispatcher" daemon [_thread_blocked, id=4272, stack(0x000000001a280000,0x000000001a380000)]
  0x0000000019da0800 JavaThread "Finalizer" daemon [_thread_blocked, id=12920, stack(0x000000001a180000,0x000000001a280000)]
  0x0000000017e9d000 JavaThread "Reference Handler" daemon [_thread_blocked, id=15320, stack(0x0000000019c80000,0x0000000019d80000)]
  0x0000000002e26000 JavaThread "main" [_thread_blocked, id=2904, stack(0x0000000002b20000,0x0000000002c20000)]

Other Threads:
  0x0000000017e98000 VMThread [stack: 0x0000000019b80000,0x0000000019c80000] [id=12576]
  0x000000001a61c800 WatcherThread [stack: 0x000000001b280000,0x000000001b380000] [id=10068]

VM state:not at safepoint (normal execution)

VM Mutex/Monitor currently owned by a thread: None

Heap:
 PSYoungGen      total 38400K, used 10680K [0x00000000d5f00000, 0x00000000d8980000, 0x0000000100000000)
  eden space 33280K, 32% used [0x00000000d5f00000,0x00000000d696e0a0,0x00000000d7f80000)
  from space 5120K, 0% used [0x00000000d8480000,0x00000000d8480000,0x00000000d8980000)
  to   space 5120K, 0% used [0x00000000d7f80000,0x00000000d7f80000,0x00000000d8480000)
 ParOldGen       total 87552K, used 0K [0x0000000081c00000, 0x0000000087180000, 0x00000000d5f00000)
  object space 87552K, 0% used [0x0000000081c00000,0x0000000081c00000,0x0000000087180000)
 Metaspace       used 5196K, capacity 5362K, committed 5504K, reserved 1056768K
  class space    used 567K, capacity 637K, committed 640K, reserved 1048576K

Card table byte_map: [0x00000000122e0000,0x00000000126e0000] byte_map_base: 0x0000000011ed2000

Marking Bits: (ParMarkBitMap*) 0x0000000055092d00
 Begin Bits: [0x0000000013190000, 0x0000000015120000)
 End Bits:   [0x0000000015120000, 0x00000000170b0000)

Polling page: 0x0000000000e60000

CodeCache: size=245760Kb used=1812Kb max_used=1823Kb free=243947Kb
 bounds [0x0000000002f20000, 0x0000000003190000, 0x0000000011f20000]
 total_blobs=670 nmethods=376 adapters=207
 compilation: enabled

Compilation events (10 events):
Event: 0.605 Thread 0x000000001a604000 nmethod 372 0x00000000030e1e90 code [0x00000000030e1fe0, 0x00000000030e20f0]
Event: 0.614 Thread 0x000000001a604000  374       3       java.util.concurrent.locks.AbstractOwnableSynchronizer::setExclusiveOwnerThread (6 bytes)
Event: 0.614 Thread 0x000000001a604000 nmethod 374 0x00000000030e1b50 code [0x00000000030e1ca0, 0x00000000030e1e10]
Event: 0.614 Thread 0x000000001a604000  373       1       java.util.concurrent.locks.AbstractQueuedSynchronizer::getState (5 bytes)
Event: 0.614 Thread 0x000000001a604000 nmethod 373 0x00000000030e1890 code [0x00000000030e19e0, 0x00000000030e1af0]
Event: 0.614 Thread 0x000000001a604000  375       3       java.util.BitSet::checkInvariants (111 bytes)
Event: 0.614 Thread 0x000000001a5fe800  376       4       java.lang.AbstractStringBuilder::append (50 bytes)
Event: 0.614 Thread 0x000000001a604000 nmethod 375 0x00000000030e7a90 code [0x00000000030e7be0, 0x00000000030e7d70]
Event: 0.615 Thread 0x000000001a604000  377       1       java.io.FileDescriptor::access$000 (5 bytes)
Event: 0.615 Thread 0x000000001a604000 nmethod 377 0x00000000030e1590 code [0x00000000030e16e0, 0x00000000030e17d0]

GC Heap History (0 events):
No events

Deoptimization events (0 events):
No events

Classes redefined (0 events):
No events

Internal exceptions (4 events):
Event: 0.037 Thread 0x0000000002e26000 Exception <a 'java/lang/NoSuchMethodError': Method sun.misc.Unsafe.defineClass(Ljava/lang/String;[BII)Ljava/lang/Class; name or signature does not match> (0x00000000d5f07cb0) thrown at [C:\re\workspace\8-2-build-windows-amd64-cygwin\jdk8u181\11358\hotspot
Event: 0.037 Thread 0x0000000002e26000 Exception <a 'java/lang/NoSuchMethodError': Method sun.misc.Unsafe.prefetchRead(Ljava/lang/Object;J)V name or signature does not match> (0x00000000d5f07f98) thrown at [C:\re\workspace\8-2-build-windows-amd64-cygwin\jdk8u181\11358\hotspot\src\share\vm\prim
Event: 0.278 Thread 0x0000000002e26000 Exception <a 'java/lang/NoSuchFieldError': method resolution failed> (0x00000000d663e728) thrown at [C:\re\workspace\8-2-build-windows-amd64-cygwin\jdk8u181\11358\hotspot\src\share\vm\prims\methodHandles.cpp, line 1167]
Event: 0.279 Thread 0x0000000002e26000 Exception <a 'java/lang/NoSuchFieldError': method resolution failed> (0x00000000d664c5d0) thrown at [C:\re\workspace\8-2-build-windows-amd64-cygwin\jdk8u181\11358\hotspot\src\share\vm\prims\methodHandles.cpp, line 1167]

Events (10 events):
Event: 0.457 loading class java/util/concurrent/ThreadLocalRandom
Event: 0.457 loading class java/util/Random
Event: 0.457 loading class java/util/Random done
Event: 0.457 loading class java/util/concurrent/ThreadLocalRandom done
Event: 0.458 loading class java/util/concurrent/CompletableFuture$Signaller
Event: 0.458 loading class java/util/concurrent/ForkJoinPool$ManagedBlocker
Event: 0.458 loading class java/util/concurrent/ForkJoinPool$ManagedBlocker done
Event: 0.458 loading class java/util/concurrent/CompletableFuture$Signaller done
Event: 0.458 loading class java/util/concurrent/locks/LockSupport
Event: 0.458 loading class java/util/concurrent/locks/LockSupport done


Dynamic libraries:
0x00007ff7e88b0000 - 0x00007ff7e88e7000 	D:\java\jdk1.8\bin\java.exe
0x00007ffd128a0000 - 0x00007ffd12a90000 	C:\Windows\SYSTEM32\ntdll.dll
0x00007ffd110c0000 - 0x00007ffd11172000 	C:\Windows\System32\KERNEL32.DLL
0x00007ffd0fd60000 - 0x00007ffd10003000 	C:\Windows\System32\KERNELBASE.dll
0x00007ffd11e60000 - 0x00007ffd11f03000 	C:\Windows\System32\ADVAPI32.dll
0x00007ffd117c0000 - 0x00007ffd1185e000 	C:\Windows\System32\msvcrt.dll
0x00007ffd11260000 - 0x00007ffd112f7000 	C:\Windows\System32\sechost.dll
0x00007ffd113c0000 - 0x00007ffd114e0000 	C:\Windows\System32\RPCRT4.dll
0x00007ffd125f0000 - 0x00007ffd12783000 	C:\Windows\System32\USER32.dll
0x00007ffd10790000 - 0x00007ffd107b1000 	C:\Windows\System32\win32u.dll
0x00007ffd116a0000 - 0x00007ffd116c6000 	C:\Windows\System32\GDI32.dll
0x00007ffd107c0000 - 0x00007ffd10954000 	C:\Windows\System32\gdi32full.dll
0x00007ffd0fcc0000 - 0x00007ffd0fd5e000 	C:\Windows\System32\msvcp_win.dll
0x00007ffd0fbc0000 - 0x00007ffd0fcba000 	C:\Windows\System32\ucrtbase.dll
0x00007ffd006a0000 - 0x00007ffd00925000 	C:\Windows\WinSxS\amd64_microsoft.windows.common-controls_6595b64144ccf1df_6.0.18362.145_none_e6c3ab8b131013d6\COMCTL32.dll
0x00007ffd11b20000 - 0x00007ffd11e56000 	C:\Windows\System32\combase.dll
0x00007ffd0fae0000 - 0x00007ffd0fb61000 	C:\Windows\System32\bcryptPrimitives.dll
0x00007ffd116d0000 - 0x00007ffd116fe000 	C:\Windows\System32\IMM32.DLL
0x0000000055120000 - 0x00000000551f2000 	D:\java\jdk1.8\jre\bin\msvcr100.dll
0x0000000054870000 - 0x0000000055112000 	D:\java\jdk1.8\jre\bin\server\jvm.dll
0x00007ffd11250000 - 0x00007ffd11258000 	C:\Windows\System32\PSAPI.DLL
0x00007ffcfd2e0000 - 0x00007ffcfd2e9000 	C:\Windows\SYSTEM32\WSOCK32.dll
0x00007ffd0d4f0000 - 0x00007ffd0d514000 	C:\Windows\SYSTEM32\WINMM.dll
0x00007ffd046a0000 - 0x00007ffd046aa000 	C:\Windows\SYSTEM32\VERSION.dll
0x00007ffd11ab0000 - 0x00007ffd11b1f000 	C:\Windows\System32\WS2_32.dll
0x00007ffd0d070000 - 0x00007ffd0d09d000 	C:\Windows\SYSTEM32\WINMMBASE.dll
0x00007ffd0f8e0000 - 0x00007ffd0f92a000 	C:\Windows\System32\cfgmgr32.dll
0x0000000054860000 - 0x000000005486f000 	D:\java\jdk1.8\jre\bin\verify.dll
0x0000000054830000 - 0x0000000054859000 	D:\java\jdk1.8\jre\bin\java.dll
0x00000000547a0000 - 0x00000000547c3000 	D:\java\jdk1.8\jre\bin\instrument.dll
0x0000000054810000 - 0x0000000054826000 	D:\java\jdk1.8\jre\bin\zip.dll
0x00007ffd109e0000 - 0x00007ffd110c0000 	C:\Windows\System32\SHELL32.dll
0x00007ffd11710000 - 0x00007ffd117b9000 	C:\Windows\System32\shcore.dll
0x00007ffd10010000 - 0x00007ffd1078b000 	C:\Windows\System32\windows.storage.dll
0x00007ffd0f810000 - 0x00007ffd0f82f000 	C:\Windows\System32\profapi.dll
0x00007ffd0f7a0000 - 0x00007ffd0f7ea000 	C:\Windows\System32\powrprof.dll
0x00007ffd0f770000 - 0x00007ffd0f780000 	C:\Windows\System32\UMPDC.dll
0x00007ffd11300000 - 0x00007ffd11352000 	C:\Windows\System32\shlwapi.dll
0x00007ffd0f7f0000 - 0x00007ffd0f801000 	C:\Windows\System32\kernel.appcore.dll
0x00007ffd0fb70000 - 0x00007ffd0fb87000 	C:\Windows\System32\cryptsp.dll
0x00007ffd0bd80000 - 0x00007ffd0bd9a000 	D:\java\IntelliJ IDEA 2019.3.4\bin\breakgen64.dll
0x00000000547f0000 - 0x000000005480a000 	D:\java\jdk1.8\jre\bin\net.dll
0x00007ffd0efe0000 - 0x00007ffd0f047000 	C:\Windows\system32\mswsock.dll

VM Arguments:
jvm_args: -javaagent:D:\java\IntelliJ IDEA 2019.3.4\lib\idea_rt.jar=60743:D:\java\IntelliJ IDEA 2019.3.4\bin -Dfile.encoding=UTF-8 
java_command: com.controller.As
java_class_path (initial): D:\java\jdk1.8\jre\lib\charsets.jar;D:\java\jdk1.8\jre\lib\deploy.jar;D:\java\jdk1.8\jre\lib\ext\access-bridge-64.jar;D:\java\jdk1.8\jre\lib\ext\cldrdata.jar;D:\java\jdk1.8\jre\lib\ext\dnsns.jar;D:\java\jdk1.8\jre\lib\ext\jaccess.jar;D:\java\jdk1.8\jre\lib\ext\jfxrt.jar;D:\java\jdk1.8\jre\lib\ext\localedata.jar;D:\java\jdk1.8\jre\lib\ext\nashorn.jar;D:\java\jdk1.8\jre\lib\ext\sunec.jar;D:\java\jdk1.8\jre\lib\ext\sunjce_provider.jar;D:\java\jdk1.8\jre\lib\ext\sunmscapi.jar;D:\java\jdk1.8\jre\lib\ext\sunpkcs11.jar;D:\java\jdk1.8\jre\lib\ext\zipfs.jar;D:\java\jdk1.8\jre\lib\javaws.jar;D:\java\jdk1.8\jre\lib\jce.jar;D:\java\jdk1.8\jre\lib\jfr.jar;D:\java\jdk1.8\jre\lib\jfxswt.jar;D:\java\jdk1.8\jre\lib\jsse.jar;D:\java\jdk1.8\jre\lib\management-agent.jar;D:\java\jdk1.8\jre\lib\plugin.jar;D:\java\jdk1.8\jre\lib\resources.jar;D:\java\jdk1.8\jre\lib\rt.jar;D:\java\code\cloud_demo\aliPay_zhifu\target\classes;D:\java\code\cloud_demo\aliPay_zhifu\lib\api-web.jar;D:\java\repository\org\springframework\boot\spring-boot-starter-data-redis\2.1.8.RELEASE\spring-boot-starter-data-redis-2.1.8.RELEASE.jar;D:\java\repository\org\springframework\boot\spring-boot-starter\2.1.8.RELEASE\spring-boot-starter-2.1.8.RELEASE.jar;D:\java\repository\org\springframework\boot\spring-boot\2.1.8.RELEASE\spring-boot-2.1.8.RELEASE.jar;D:\java\repository\org\springframework\boot\spring-boot-autoconfigure\2.1.8.RELEASE\spring-boot-autoconfigure-2.1.8.RELEASE.jar;D:\java\repository\org\springframework\boot\spring-boot-starter-logging\2.1.8.RELEASE\spring-boot-starter-logging-2.1.8.RELEASE.jar;D:\java\repository\ch\qos\logback\logback-classic\1.2.3\logback-classic-1.2.3.jar;D:\java\repository\ch\qos\logback\logback-core\1.2.3\logback-core-1.2.3.jar;D:\java\repository\org\apache\logging\log4j\log4j-to-slf4j\2.11.2\log4j-to-slf4j-2.11.2.jar;D:\java\repository\org\apache\logging\log4j\log4j-api\2.11.2\log4j-api-2.11.2.jar;D:\java\repository\org\slf4j\jul-to-slf4j\1.7.28\jul-to-sl
Launcher Type: SUN_STANDARD

Environment Variables:
JAVA_HOME=D:\java\jdk1.8
PATH=D:\java\rocketmq\bin;C:\Program Files (x86)\NetSarang\Xftp 6\;D:\java\mmpeg\ffmpeg-20200216-8578433-win64-static\bin;D:\java\mysql-5.7.29-winx64\bin;D:\java\OpenSSL-Win64\bin;D:\java\gradle-4.8\bin;d:\erlang9.3\bin;D:\java\apache-maven-3.5.4\bin;D:\java\jdk1.8\bin;C:\Windows\system32;C:\Windows;C:\Windows\System32\Wbem;C:\Windows\System32\WindowsPowerShell\v1.0\;C:\Windows\System32\OpenSSH\;C:\Program Files (x86)\NVIDIA Corporation\PhysX\Common;D:\java\MySQL\MySQL Server 5.5\bin;D:\java\git\Git\cmd;D:\java\gitWuGui\bin;D:\java\SVN\bin;D:\java\SVN Wu GUI\bin;C:\Program Files\nodejs\;D:\putty\;C:\Users\aa\AppData\Local\Microsoft\WindowsApps;C:\Users\aa\AppData\Roaming\npm;D:\java\protoc-3.7.0-win64\bin;;D:\java\VS code\bin
USERNAME=aa
OS=Windows_NT
PROCESSOR_IDENTIFIER=Intel64 Family 6 Model 142 Stepping 10, GenuineIntel



---------------  S Y S T E M  ---------------

OS: Windows 10.0 , 64 bit Build 18362 (10.0.18362.86)

CPU:total 8 (initial active 8) (4 cores per cpu, 2 threads per core) family 6 model 142 stepping 10, cmov, cx8, fxsr, mmx, sse, sse2, sse3, ssse3, sse4.1, sse4.2, popcnt, avx, avx2, aes, clmul, erms, 3dnowpref, lzcnt, ht, tsc, tscinvbit, bmi1, bmi2, adx

Memory: 4k page, physical 8269924k(536024k free), swap 16658532k(6408k free)

vm_info: Java HotSpot(TM) 64-Bit Server VM (25.181-b13) for windows-amd64 JRE (1.8.0_181-b13), built on Jul  7 2018 04:01:33 by "java_re" with MS VC++ 10.0 (VS2010)

time: Sat Apr 11 01:26:34 2020
elapsed time: 0 seconds (0d 0h 0m 0s)

