#
# There is insufficient memory for the Java Runtime Environment to continue.
# Native memory allocation (malloc) failed to allocate 131088 bytes for Chunk::new
# Possible reasons:
#   The system is out of physical RAM or swap space
#   In 32 bit mode, the process size limit was hit
# Possible solutions:
#   Reduce memory load on the system
#   Increase physical memory or swap space
#   Check if swap backing store is full
#   Use 64 bit Java on a 64 bit OS
#   Decrease Java heap size (-Xmx/-Xms)
#   Decrease number of Java threads
#   Decrease Java thread stack sizes (-Xss)
#   Set larger code cache with -XX:ReservedCodeCacheSize=
# This output file may be truncated or incomplete.
#
#  Out of Memory Error (allocation.cpp:390), pid=13732, tid=0x0000000000002140
#
# JRE version: Java(TM) SE Runtime Environment (8.0_181-b13) (build 1.8.0_181-b13)
# Java VM: Java HotSpot(TM) 64-Bit Server VM (25.181-b13 mixed mode windows-amd64 compressed oops)
# Failed to write core dump. Minidumps are not enabled by default on client versions of Windows
#

---------------  T H R E A D  ---------------

Current thread (0x000000001a8e0800):  JavaThread "C2 CompilerThread1" daemon [_thread_in_native, id=8512, stack(0x000000001b170000,0x000000001b270000)]

Stack: [0x000000001b170000,0x000000001b270000]
[error occurred during error reporting (printing stack bounds), id 0xc0000005]

Native frames: (J=compiled Java code, j=interpreted, Vv=VM code, C=native code)


Current CompileTask:
C2:  11997 4300       4       org.springframework.beans.factory.support.AbstractBeanFactory::isTypeMatch (547 bytes)


---------------  P R O C E S S  ---------------

Java Threads: ( => current thread )
  0x000000001ed4a000 JavaThread "DestroyJavaVM" [_thread_blocked, id=13804, stack(0x0000000002e30000,0x0000000002f30000)]
  0x000000001ed47800 JavaThread "http-nio-8889-Acceptor" daemon [_thread_in_native, id=6204, stack(0x0000000023780000,0x0000000023880000)]
  0x000000001ed49000 JavaThread "http-nio-8889-ClientPoller" daemon [_thread_in_native, id=14204, stack(0x0000000023680000,0x0000000023780000)]
  0x000000001ed44800 JavaThread "http-nio-8889-exec-10" daemon [_thread_blocked, id=14020, stack(0x0000000023580000,0x0000000023680000)]
  0x000000001ed43000 JavaThread "http-nio-8889-exec-9" daemon [_thread_blocked, id=15220, stack(0x0000000023480000,0x0000000023580000)]
  0x000000001ed47000 JavaThread "http-nio-8889-exec-8" daemon [_thread_blocked, id=88, stack(0x0000000023380000,0x0000000023480000)]
  0x000000001ed48800 JavaThread "http-nio-8889-exec-7" daemon [_thread_blocked, id=6476, stack(0x0000000023280000,0x0000000023380000)]
  0x000000001ed42000 JavaThread "http-nio-8889-exec-6" daemon [_thread_blocked, id=14024, stack(0x0000000023180000,0x0000000023280000)]
  0x000000001d9e7000 JavaThread "http-nio-8889-exec-5" daemon [_thread_blocked, id=2544, stack(0x0000000023080000,0x0000000023180000)]
  0x000000001d9e4000 JavaThread "http-nio-8889-exec-4" daemon [_thread_blocked, id=11660, stack(0x0000000022a50000,0x0000000022b50000)]
  0x000000001d9e6000 JavaThread "http-nio-8889-exec-3" daemon [_thread_blocked, id=14556, stack(0x0000000022950000,0x0000000022a50000)]
  0x000000001d9e3000 JavaThread "http-nio-8889-exec-2" daemon [_thread_in_Java, id=12272, stack(0x0000000022850000,0x0000000022950000)]
  0x000000001d9e2800 JavaThread "http-nio-8889-exec-1" daemon [_thread_blocked, id=504, stack(0x0000000022750000,0x0000000022850000)]
  0x000000001d9e1800 JavaThread "http-nio-8889-BlockPoller" daemon [_thread_in_native, id=388, stack(0x00000000223e0000,0x00000000224e0000)]
  0x000000001d9e5800 JavaThread "container-0" [_thread_blocked, id=460, stack(0x00000000222e0000,0x00000000223e0000)]
  0x000000001d9e8800 JavaThread "Catalina-utility-2" [_thread_blocked, id=3180, stack(0x000000001f700000,0x000000001f800000)]
  0x000000001d9e4800 JavaThread "Catalina-utility-1" [_thread_blocked, id=11364, stack(0x000000001e5c0000,0x000000001e6c0000)]
  0x000000001a981000 JavaThread "Service Thread" daemon [_thread_blocked, id=8484, stack(0x000000001b470000,0x000000001b570000)]
  0x000000001a3ee000 JavaThread "C1 CompilerThread3" daemon [_thread_blocked, id=15260, stack(0x000000001b370000,0x000000001b470000)]
  0x000000001a8e1800 JavaThread "C2 CompilerThread2" daemon [_thread_blocked, id=5292, stack(0x000000001b270000,0x000000001b370000)]
=>0x000000001a8e0800 JavaThread "C2 CompilerThread1" daemon [_thread_in_native, id=8512, stack(0x000000001b170000,0x000000001b270000)]
  0x000000001a8de000 JavaThread "C2 CompilerThread0" daemon [_thread_in_native, id=14444, stack(0x000000001b070000,0x000000001b170000)]
  0x000000001a8a7000 JavaThread "Monitor Ctrl-Break" daemon [_thread_in_native, id=8492, stack(0x000000001af70000,0x000000001b070000)]
  0x000000001a088800 JavaThread "Attach Listener" daemon [_thread_blocked, id=8548, stack(0x000000001a660000,0x000000001a760000)]
  0x000000001a036000 JavaThread "Signal Dispatcher" daemon [_thread_blocked, id=14392, stack(0x000000001a560000,0x000000001a660000)]
  0x000000001a010800 JavaThread "Finalizer" daemon [_thread_blocked, id=12972, stack(0x000000001a3f0000,0x000000001a4f0000)]
  0x00000000180fd000 JavaThread "Reference Handler" daemon [_thread_blocked, id=3476, stack(0x0000000019ef0000,0x0000000019ff0000)]

Other Threads:
  0x000000000313d800 VMThread [stack: 0x0000000019df0000,0x0000000019ef0000] [id=11168]
  0x000000001aa2c000 WatcherThread [stack: 0x000000001b570000,0x000000001b670000] [id=4236]

VM state:not at safepoint (normal execution)

VM Mutex/Monitor currently owned by a thread: None

Heap:
 PSYoungGen      total 246784K, used 130952K [0x00000000d5f00000, 0x00000000e7300000, 0x0000000100000000)
  eden space 216064K, 60% used [0x00000000d5f00000,0x00000000ddee23b8,0x00000000e3200000)
  from space 30720K, 0% used [0x00000000e4e80000,0x00000000e4e80000,0x00000000e6c80000)
  to   space 29184K, 0% used [0x00000000e3200000,0x00000000e3200000,0x00000000e4e80000)
 ParOldGen       total 105472K, used 25090K [0x0000000081c00000, 0x0000000088300000, 0x00000000d5f00000)
  object space 105472K, 23% used [0x0000000081c00000,0x0000000083480918,0x0000000088300000)
 Metaspace       used 43063K, capacity 44978K, committed 45312K, reserved 1089536K
  class space    used 5674K, capacity 6027K, committed 6144K, reserved 1048576K

Card table byte_map: [0x0000000012510000,0x0000000012910000] byte_map_base: 0x0000000012102000

Marking Bits: (ParMarkBitMap*) 0x0000000055092d00
 Begin Bits: [0x00000000133c0000, 0x0000000015350000)
 End Bits:   [0x0000000015350000, 0x00000000172e0000)

Polling page: 0x00000000009f0000

CodeCache: size=245760Kb used=14045Kb max_used=14114Kb free=231714Kb
 bounds [0x0000000003150000, 0x0000000003f30000, 0x0000000012150000]
 total_blobs=4049 nmethods=3594 adapters=367
 compilation: enabled

Compilation events (10 events):
Event: 11.938 Thread 0x000000001a3ee000 nmethod 4295 0x00000000033476d0 code [0x0000000003347820, 0x00000000033479d0]
Event: 11.951 Thread 0x000000001a8e1800 nmethod 4293 0x0000000003eebd10 code [0x0000000003eebee0, 0x0000000003eec9a8]
Event: 11.976 Thread 0x000000001a8de000 4296   !   4       org.springframework.beans.factory.support.DefaultSingletonBeanRegistry::getSingleton (117 bytes)
Event: 11.976 Thread 0x000000001a3ee000 4298       3       org.springframework.core.OrderComparator::getOrder (115 bytes)
Event: 11.976 Thread 0x000000001a8e1800 4299       4       java.util.concurrent.ConcurrentHashMap::get (162 bytes)
Event: 11.977 Thread 0x000000001a3ee000 nmethod 4298 0x0000000003362290 code [0x0000000003362480, 0x0000000003362dd8]
Event: 11.977 Thread 0x000000001a8e0800 4300       4       org.springframework.beans.factory.support.AbstractBeanFactory::isTypeMatch (547 bytes)
Event: 11.977 Thread 0x000000001a3ee000 4297       3       java.util.TimSort::sort (229 bytes)
Event: 11.978 Thread 0x000000001a3ee000 nmethod 4297 0x000000000348e290 code [0x000000000348e480, 0x000000000348eb78]
Event: 11.981 Thread 0x000000001a8e1800 nmethod 4299 0x00000000034ddb10 code [0x00000000034ddc60, 0x00000000034ddf18]

GC Heap History (10 events):
Event: 5.309 GC heap before
{Heap before GC invocations=10 (full 1):
 PSYoungGen      total 147456K, used 147435K [0x00000000d5f00000, 0x00000000e3200000, 0x0000000100000000)
  eden space 138752K, 100% used [0x00000000d5f00000,0x00000000de680000,0x00000000de680000)
  from space 8704K, 99% used [0x00000000df580000,0x00000000dfdfafb8,0x00000000dfe00000)
  to   space 15360K, 0% used [0x00000000de680000,0x00000000de680000,0x00000000df580000)
 ParOldGen       total 59904K, used 20125K [0x0000000081c00000, 0x0000000085680000, 0x00000000d5f00000)
  object space 59904K, 33% used [0x0000000081c00000,0x0000000082fa7508,0x0000000085680000)
 Metaspace       used 24343K, capacity 24984K, committed 25088K, reserved 1071104K
  class space    used 3102K, capacity 3268K, committed 3328K, reserved 1048576K
Event: 5.338 GC heap after
Heap after GC invocations=10 (full 1):
 PSYoungGen      total 154112K, used 15356K [0x00000000d5f00000, 0x00000000e3880000, 0x0000000100000000)
  eden space 138752K, 0% used [0x00000000d5f00000,0x00000000d5f00000,0x00000000de680000)
  from space 15360K, 99% used [0x00000000de680000,0x00000000df57f280,0x00000000df580000)
  to   space 23040K, 0% used [0x00000000e2200000,0x00000000e2200000,0x00000000e3880000)
 ParOldGen       total 59904K, used 33336K [0x0000000081c00000, 0x0000000085680000, 0x00000000d5f00000)
  object space 59904K, 55% used [0x0000000081c00000,0x0000000083c8e0f0,0x0000000085680000)
 Metaspace       used 24343K, capacity 24984K, committed 25088K, reserved 1071104K
  class space    used 3102K, capacity 3268K, committed 3328K, reserved 1048576K
}
Event: 6.215 GC heap before
{Heap before GC invocations=11 (full 1):
 PSYoungGen      total 154112K, used 154108K [0x00000000d5f00000, 0x00000000e3880000, 0x0000000100000000)
  eden space 138752K, 100% used [0x00000000d5f00000,0x00000000de680000,0x00000000de680000)
  from space 15360K, 99% used [0x00000000de680000,0x00000000df57f280,0x00000000df580000)
  to   space 23040K, 0% used [0x00000000e2200000,0x00000000e2200000,0x00000000e3880000)
 ParOldGen       total 59904K, used 33336K [0x0000000081c00000, 0x0000000085680000, 0x00000000d5f00000)
  object space 59904K, 55% used [0x0000000081c00000,0x0000000083c8e0f0,0x0000000085680000)
 Metaspace       used 27708K, capacity 28564K, committed 28928K, reserved 1075200K
  class space    used 3519K, capacity 3732K, committed 3840K, reserved 1048576K
Event: 6.240 GC heap after
Heap after GC invocations=11 (full 1):
 PSYoungGen      total 196608K, used 21681K [0x00000000d5f00000, 0x00000000e3d00000, 0x0000000100000000)
  eden space 173568K, 0% used [0x00000000d5f00000,0x00000000d5f00000,0x00000000e0880000)
  from space 23040K, 94% used [0x00000000e2200000,0x00000000e372c758,0x00000000e3880000)
  to   space 26112K, 0% used [0x00000000e0880000,0x00000000e0880000,0x00000000e2200000)
 ParOldGen       total 59904K, used 33336K [0x0000000081c00000, 0x0000000085680000, 0x00000000d5f00000)
  object space 59904K, 55% used [0x0000000081c00000,0x0000000083c8e0f0,0x0000000085680000)
 Metaspace       used 27708K, capacity 28564K, committed 28928K, reserved 1075200K
  class space    used 3519K, capacity 3732K, committed 3840K, reserved 1048576K
}
Event: 8.024 GC heap before
{Heap before GC invocations=12 (full 1):
 PSYoungGen      total 196608K, used 195249K [0x00000000d5f00000, 0x00000000e3d00000, 0x0000000100000000)
  eden space 173568K, 100% used [0x00000000d5f00000,0x00000000e0880000,0x00000000e0880000)
  from space 23040K, 94% used [0x00000000e2200000,0x00000000e372c758,0x00000000e3880000)
  to   space 26112K, 0% used [0x00000000e0880000,0x00000000e0880000,0x00000000e2200000)
 ParOldGen       total 59904K, used 33336K [0x0000000081c00000, 0x0000000085680000, 0x00000000d5f00000)
  object space 59904K, 55% used [0x0000000081c00000,0x0000000083c8e0f0,0x0000000085680000)
 Metaspace       used 33386K, capacity 34718K, committed 35072K, reserved 1079296K
  class space    used 4241K, capacity 4503K, committed 4608K, reserved 1048576K
Event: 8.049 GC heap after
Heap after GC invocations=12 (full 1):
 PSYoungGen      total 199680K, used 26100K [0x00000000d5f00000, 0x00000000e6c80000, 0x0000000100000000)
  eden space 173568K, 0% used [0x00000000d5f00000,0x00000000d5f00000,0x00000000e0880000)
  from space 26112K, 99% used [0x00000000e0880000,0x00000000e21fd238,0x00000000e2200000)
  to   space 30720K, 0% used [0x00000000e4e80000,0x00000000e4e80000,0x00000000e6c80000)
 ParOldGen       total 59904K, used 35280K [0x0000000081c00000, 0x0000000085680000, 0x00000000d5f00000)
  object space 59904K, 58% used [0x0000000081c00000,0x0000000083e741b8,0x0000000085680000)
 Metaspace       used 33386K, capacity 34718K, committed 35072K, reserved 1079296K
  class space    used 4241K, capacity 4503K, committed 4608K, reserved 1048576K
}
Event: 8.195 GC heap before
{Heap before GC invocations=13 (full 1):
 PSYoungGen      total 199680K, used 45711K [0x00000000d5f00000, 0x00000000e6c80000, 0x0000000100000000)
  eden space 173568K, 11% used [0x00000000d5f00000,0x00000000d7226c20,0x00000000e0880000)
  from space 26112K, 99% used [0x00000000e0880000,0x00000000e21fd238,0x00000000e2200000)
  to   space 30720K, 0% used [0x00000000e4e80000,0x00000000e4e80000,0x00000000e6c80000)
 ParOldGen       total 59904K, used 35280K [0x0000000081c00000, 0x0000000085680000, 0x00000000d5f00000)
  object space 59904K, 58% used [0x0000000081c00000,0x0000000083e741b8,0x0000000085680000)
 Metaspace       used 34016K, capacity 35314K, committed 35416K, reserved 1081344K
  class space    used 4312K, capacity 4571K, committed 4608K, reserved 1048576K
Event: 8.209 GC heap after
Heap after GC invocations=13 (full 1):
 PSYoungGen      total 246784K, used 13271K [0x00000000d5f00000, 0x00000000e7300000, 0x0000000100000000)
  eden space 216064K, 0% used [0x00000000d5f00000,0x00000000d5f00000,0x00000000e3200000)
  from space 30720K, 43% used [0x00000000e4e80000,0x00000000e5b75fb8,0x00000000e6c80000)
  to   space 29184K, 0% used [0x00000000e3200000,0x00000000e3200000,0x00000000e4e80000)
 ParOldGen       total 59904K, used 40438K [0x0000000081c00000, 0x0000000085680000, 0x00000000d5f00000)
  object space 59904K, 67% used [0x0000000081c00000,0x000000008437da78,0x0000000085680000)
 Metaspace       used 34016K, capacity 35314K, committed 35416K, reserved 1081344K
  class space    used 4312K, capacity 4571K, committed 4608K, reserved 1048576K
}
Event: 8.209 GC heap before
{Heap before GC invocations=14 (full 2):
 PSYoungGen      total 246784K, used 13271K [0x00000000d5f00000, 0x00000000e7300000, 0x0000000100000000)
  eden space 216064K, 0% used [0x00000000d5f00000,0x00000000d5f00000,0x00000000e3200000)
  from space 30720K, 43% used [0x00000000e4e80000,0x00000000e5b75fb8,0x00000000e6c80000)
  to   space 29184K, 0% used [0x00000000e3200000,0x00000000e3200000,0x00000000e4e80000)
 ParOldGen       total 59904K, used 40438K [0x0000000081c00000, 0x0000000085680000, 0x00000000d5f00000)
  object space 59904K, 67% used [0x0000000081c00000,0x000000008437da78,0x0000000085680000)
 Metaspace       used 34016K, capacity 35314K, committed 35416K, reserved 1081344K
  class space    used 4312K, capacity 4571K, committed 4608K, reserved 1048576K
Event: 8.276 GC heap after
Heap after GC invocations=14 (full 2):
 PSYoungGen      total 246784K, used 0K [0x00000000d5f00000, 0x00000000e7300000, 0x0000000100000000)
  eden space 216064K, 0% used [0x00000000d5f00000,0x00000000d5f00000,0x00000000e3200000)
  from space 30720K, 0% used [0x00000000e4e80000,0x00000000e4e80000,0x00000000e6c80000)
  to   space 29184K, 0% used [0x00000000e3200000,0x00000000e3200000,0x00000000e4e80000)
 ParOldGen       total 105472K, used 25090K [0x0000000081c00000, 0x0000000088300000, 0x00000000d5f00000)
  object space 105472K, 23% used [0x0000000081c00000,0x0000000083480918,0x0000000088300000)
 Metaspace       used 34016K, capacity 35314K, committed 35416K, reserved 1081344K
  class space    used 4312K, capacity 4571K, committed 4608K, reserved 1048576K
}

Deoptimization events (10 events):
Event: 9.765 Thread 0x0000000003046000 Uncommon trap: reason=bimorphic action=maybe_recompile pc=0x0000000003ab3f50 method=java.util.Collections$SetFromMap.contains(Ljava/lang/Object;)Z @ 5
Event: 9.765 Thread 0x0000000003046000 Uncommon trap: reason=bimorphic action=maybe_recompile pc=0x0000000003ab3f50 method=java.util.Collections$SetFromMap.contains(Ljava/lang/Object;)Z @ 5
Event: 9.775 Thread 0x0000000003046000 Uncommon trap: reason=unstable_if action=reinterpret pc=0x000000000331f25c method=org.springframework.core.BridgeMethodResolver.isBridgedCandidateFor(Ljava/lang/reflect/Method;Ljava/lang/reflect/Method;)Z @ 37
Event: 9.840 Thread 0x0000000003046000 Uncommon trap: reason=unstable_if action=reinterpret pc=0x0000000003a37718 method=org.springframework.core.annotation.AnnotatedElementUtils.searchWithFindSemantics(Ljava/lang/reflect/AnnotatedElement;Ljava/util/Set;Ljava/lang/String;Ljava/lang/Class;Lorg/
Event: 9.872 Thread 0x0000000003046000 Uncommon trap: reason=unstable_if action=reinterpret pc=0x000000000359d114 method=org.springframework.util.ConcurrentReferenceHashMap$Segment.clear()V @ 4
Event: 9.885 Thread 0x0000000003046000 Uncommon trap: reason=class_check action=maybe_recompile pc=0x0000000003bcd594 method=java.util.AbstractList$Itr.hasNext()Z @ 8
Event: 9.890 Thread 0x0000000003046000 Uncommon trap: reason=class_check action=maybe_recompile pc=0x0000000003a46130 method=java.nio.charset.CharsetDecoder.replaceWith(Ljava/lang/String;)Ljava/nio/charset/CharsetDecoder; @ 63
Event: 11.934 Thread 0x000000001d9e3000 Uncommon trap: reason=class_check action=maybe_recompile pc=0x0000000003a46130 method=java.nio.charset.CharsetDecoder.replaceWith(Ljava/lang/String;)Ljava/nio/charset/CharsetDecoder; @ 63
Event: 11.955 Thread 0x000000001d9e3000 Uncommon trap: reason=class_check action=maybe_recompile pc=0x0000000003a46130 method=java.nio.charset.CharsetDecoder.replaceWith(Ljava/lang/String;)Ljava/nio/charset/CharsetDecoder; @ 63
Event: 11.971 Thread 0x000000001d9e3000 Uncommon trap: reason=null_check action=make_not_entrant pc=0x0000000003c7e090 method=java.lang.StringCoding.encode(Ljava/lang/String;[CII)[B @ 6

Classes redefined (0 events):
No events

Internal exceptions (10 events):
Event: 9.781 Thread 0x0000000003046000 Exception <a 'java/lang/ClassNotFoundException': java/util/EventListenerCustomizer> (0x00000000dc304dd0) thrown at [C:\re\workspace\8-2-build-windows-amd64-cygwin\jdk8u181\11358\hotspot\src\share\vm\classfile\systemDictionary.cpp, line 210]
Event: 9.781 Thread 0x0000000003046000 Exception <a 'java/lang/ClassNotFoundException': org/springframework/data/keyvalue/core/KeyValueAdapterCustomizer> (0x00000000dc323588) thrown at [C:\re\workspace\8-2-build-windows-amd64-cygwin\jdk8u181\11358\hotspot\src\share\vm\classfile\systemDictionar
Event: 9.782 Thread 0x0000000003046000 Exception <a 'java/lang/ClassNotFoundException': org/springframework/beans/factory/DisposableBeanCustomizer> (0x00000000dc350478) thrown at [C:\re\workspace\8-2-build-windows-amd64-cygwin\jdk8u181\11358\hotspot\src\share\vm\classfile\systemDictionary.cpp,
Event: 9.803 Thread 0x0000000003046000 Exception <a 'java/lang/ClassNotFoundException': java/lang/ObjectCustomizer> (0x00000000dc488438) thrown at [C:\re\workspace\8-2-build-windows-amd64-cygwin\jdk8u181\11358\hotspot\src\share\vm\classfile\systemDictionary.cpp, line 210]
Event: 9.804 Thread 0x0000000003046000 Exception <a 'java/lang/ClassNotFoundException': org/springframework/boot/autoconfigure/reactor/core/ReactorCoreAutoConfigurationCustomizer> (0x00000000dc4b21b0) thrown at [C:\re\workspace\8-2-build-windows-amd64-cygwin\jdk8u181\11358\hotspot\src\share\vm
Event: 9.805 Thread 0x0000000003046000 Exception <a 'java/lang/ClassNotFoundException': org/springframework/boot/autoconfigure/reactor/core/ReactorCoreAutoConfiguration$$EnhancerBySpringCGLIB$$fdaf647dCustomizer> (0x00000000dc4e5950) thrown at [C:\re\workspace\8-2-build-windows-amd64-cygwin\jd
Event: 9.806 Thread 0x0000000003046000 Exception <a 'java/lang/ClassNotFoundException': org/springframework/context/annotation/ConfigurationClassEnhancer$EnhancedConfigurationCustomizer> (0x00000000dc514730) thrown at [C:\re\workspace\8-2-build-windows-amd64-cygwin\jdk8u181\11358\hotspot\src\s
Event: 9.807 Thread 0x0000000003046000 Exception <a 'java/lang/ClassNotFoundException': org/springframework/beans/factory/BeanFactoryAwareCustomizer> (0x00000000dc5313f0) thrown at [C:\re\workspace\8-2-build-windows-amd64-cygwin\jdk8u181\11358\hotspot\src\share\vm\classfile\systemDictionary.cp
Event: 9.807 Thread 0x0000000003046000 Exception <a 'java/lang/ClassNotFoundException': org/springframework/beans/factory/AwareCustomizer> (0x00000000dc54b550) thrown at [C:\re\workspace\8-2-build-windows-amd64-cygwin\jdk8u181\11358\hotspot\src\share\vm\classfile\systemDictionary.cpp, line 210
Event: 11.971 Thread 0x000000001d9e3000 Implicit null exception at 0x0000000003c7d43f to 0x0000000003c7e081

Events (10 events):
Event: 11.993 loading class org/springframework/web/context/request/async/TimeoutCallableProcessingInterceptor
Event: 11.993 loading class org/springframework/web/context/request/async/TimeoutCallableProcessingInterceptor done
Event: 11.993 loading class org/springframework/web/context/request/async/TimeoutDeferredResultProcessingInterceptor
Event: 11.993 loading class org/springframework/web/context/request/async/TimeoutDeferredResultProcessingInterceptor done
Event: 11.995 loading class org/springframework/context/i18n/LocaleContextHolder
Event: 11.995 loading class org/springframework/context/i18n/LocaleContextHolder done
Event: 11.995 loading class org/springframework/core/NamedInheritableThreadLocal
Event: 11.995 loading class org/springframework/core/NamedInheritableThreadLocal done
Event: 11.996 loading class org/springframework/context/i18n/SimpleLocaleContext
Event: 11.996 loading class org/springframework/context/i18n/SimpleLocaleContext done


Dynamic libraries:
0x00007ff7e88b0000 - 0x00007ff7e88e7000 	D:\java\jdk1.8\bin\java.exe
0x00007ffd128a0000 - 0x00007ffd12a90000 	C:\Windows\SYSTEM32\ntdll.dll
0x00007ffd110c0000 - 0x00007ffd11172000 	C:\Windows\System32\KERNEL32.DLL
0x00007ffd0fd60000 - 0x00007ffd10003000 	C:\Windows\System32\KERNELBASE.dll
0x00007ffd11e60000 - 0x00007ffd11f03000 	C:\Windows\System32\ADVAPI32.dll
0x00007ffd117c0000 - 0x00007ffd1185e000 	C:\Windows\System32\msvcrt.dll
0x00007ffd11260000 - 0x00007ffd112f7000 	C:\Windows\System32\sechost.dll
0x00007ffd113c0000 - 0x00007ffd114e0000 	C:\Windows\System32\RPCRT4.dll
0x00007ffd125f0000 - 0x00007ffd12783000 	C:\Windows\System32\USER32.dll
0x00007ffd10790000 - 0x00007ffd107b1000 	C:\Windows\System32\win32u.dll
0x00007ffd116a0000 - 0x00007ffd116c6000 	C:\Windows\System32\GDI32.dll
0x00007ffd107c0000 - 0x00007ffd10954000 	C:\Windows\System32\gdi32full.dll
0x00007ffd0fcc0000 - 0x00007ffd0fd5e000 	C:\Windows\System32\msvcp_win.dll
0x00007ffd0fbc0000 - 0x00007ffd0fcba000 	C:\Windows\System32\ucrtbase.dll
0x00007ffd006a0000 - 0x00007ffd00925000 	C:\Windows\WinSxS\amd64_microsoft.windows.common-controls_6595b64144ccf1df_6.0.18362.145_none_e6c3ab8b131013d6\COMCTL32.dll
0x00007ffd11b20000 - 0x00007ffd11e56000 	C:\Windows\System32\combase.dll
0x00007ffd0fae0000 - 0x00007ffd0fb61000 	C:\Windows\System32\bcryptPrimitives.dll
0x00007ffd116d0000 - 0x00007ffd116fe000 	C:\Windows\System32\IMM32.DLL
0x0000000055120000 - 0x00000000551f2000 	D:\java\jdk1.8\jre\bin\msvcr100.dll
0x0000000054870000 - 0x0000000055112000 	D:\java\jdk1.8\jre\bin\server\jvm.dll
0x00007ffd11250000 - 0x00007ffd11258000 	C:\Windows\System32\PSAPI.DLL
0x00007ffcfd2e0000 - 0x00007ffcfd2e9000 	C:\Windows\SYSTEM32\WSOCK32.dll
0x00007ffd046a0000 - 0x00007ffd046aa000 	C:\Windows\SYSTEM32\VERSION.dll
0x00007ffd0d4f0000 - 0x00007ffd0d514000 	C:\Windows\SYSTEM32\WINMM.dll
0x00007ffd11ab0000 - 0x00007ffd11b1f000 	C:\Windows\System32\WS2_32.dll
0x00007ffd0d070000 - 0x00007ffd0d09d000 	C:\Windows\SYSTEM32\winmmbase.dll
0x00007ffd0f8e0000 - 0x00007ffd0f92a000 	C:\Windows\System32\cfgmgr32.dll
0x0000000054860000 - 0x000000005486f000 	D:\java\jdk1.8\jre\bin\verify.dll
0x0000000054830000 - 0x0000000054859000 	D:\java\jdk1.8\jre\bin\java.dll
0x00000000547a0000 - 0x00000000547c3000 	D:\java\jdk1.8\jre\bin\instrument.dll
0x0000000054810000 - 0x0000000054826000 	D:\java\jdk1.8\jre\bin\zip.dll
0x00007ffd109e0000 - 0x00007ffd110c0000 	C:\Windows\System32\SHELL32.dll
0x00007ffd11710000 - 0x00007ffd117b9000 	C:\Windows\System32\shcore.dll
0x00007ffd10010000 - 0x00007ffd1078b000 	C:\Windows\System32\windows.storage.dll
0x00007ffd0f810000 - 0x00007ffd0f82f000 	C:\Windows\System32\profapi.dll
0x00007ffd0f7a0000 - 0x00007ffd0f7ea000 	C:\Windows\System32\powrprof.dll
0x00007ffd0f770000 - 0x00007ffd0f780000 	C:\Windows\System32\UMPDC.dll
0x00007ffd11300000 - 0x00007ffd11352000 	C:\Windows\System32\shlwapi.dll
0x00007ffd0f7f0000 - 0x00007ffd0f801000 	C:\Windows\System32\kernel.appcore.dll
0x00007ffd0fb70000 - 0x00007ffd0fb87000 	C:\Windows\System32\cryptsp.dll
0x00007ffd0bd80000 - 0x00007ffd0bd9a000 	D:\java\IntelliJ IDEA 2019.3.4\bin\breakgen64.dll
0x00000000547f0000 - 0x000000005480a000 	D:\java\jdk1.8\jre\bin\net.dll
0x00007ffd0efe0000 - 0x00007ffd0f047000 	C:\Windows\system32\mswsock.dll
0x0000000055210000 - 0x000000005521d000 	D:\java\jdk1.8\jre\bin\management.dll
0x00007ffcf8fd0000 - 0x00007ffcf8fe6000 	C:\Windows\system32\napinsp.dll
0x00007ffcf8fb0000 - 0x00007ffcf8fca000 	C:\Windows\system32\pnrpnsp.dll
0x00007ffd0ed80000 - 0x00007ffd0ee4a000 	C:\Windows\SYSTEM32\DNSAPI.dll
0x00007ffd12380000 - 0x00007ffd12388000 	C:\Windows\System32\NSI.dll
0x00007ffd0ed40000 - 0x00007ffd0ed7a000 	C:\Windows\SYSTEM32\IPHLPAPI.DLL
0x00007ffcf8d00000 - 0x00007ffcf8d0e000 	C:\Windows\System32\winrnr.dll
0x00007ffd0bd20000 - 0x00007ffd0bd3c000 	C:\Windows\system32\NLAapi.dll
0x00007ffcf8ca0000 - 0x00007ffcf8cb5000 	C:\Windows\system32\wshbth.dll
0x00007ffd02770000 - 0x00007ffd0277a000 	C:\Windows\System32\rasadhlp.dll
0x00007ffd084c0000 - 0x00007ffd08537000 	C:\Windows\System32\fwpuclnt.dll
0x00007ffd0fb90000 - 0x00007ffd0fbb6000 	C:\Windows\System32\bcrypt.dll
0x00000000547d0000 - 0x00000000547e1000 	D:\java\jdk1.8\jre\bin\nio.dll
0x00007ffd0eba0000 - 0x00007ffd0ebd3000 	C:\Windows\system32\rsaenh.dll
0x00007ffd0f660000 - 0x00007ffd0f685000 	C:\Windows\SYSTEM32\USERENV.dll
0x00007ffd0f1b0000 - 0x00007ffd0f1bc000 	C:\Windows\SYSTEM32\CRYPTBASE.dll
0x00007ffd09080000 - 0x00007ffd09096000 	C:\Windows\SYSTEM32\dhcpcsvc6.DLL
0x00007ffd09060000 - 0x00007ffd0907c000 	C:\Windows\SYSTEM32\dhcpcsvc.DLL

VM Arguments:
jvm_args: -javaagent:D:\java\IntelliJ IDEA 2019.3.4\lib\idea_rt.jar=63130:D:\java\IntelliJ IDEA 2019.3.4\bin -Dfile.encoding=UTF-8 
java_command: com.App
java_class_path (initial): D:\java\jdk1.8\jre\lib\charsets.jar;D:\java\jdk1.8\jre\lib\deploy.jar;D:\java\jdk1.8\jre\lib\ext\access-bridge-64.jar;D:\java\jdk1.8\jre\lib\ext\cldrdata.jar;D:\java\jdk1.8\jre\lib\ext\dnsns.jar;D:\java\jdk1.8\jre\lib\ext\jaccess.jar;D:\java\jdk1.8\jre\lib\ext\jfxrt.jar;D:\java\jdk1.8\jre\lib\ext\localedata.jar;D:\java\jdk1.8\jre\lib\ext\nashorn.jar;D:\java\jdk1.8\jre\lib\ext\sunec.jar;D:\java\jdk1.8\jre\lib\ext\sunjce_provider.jar;D:\java\jdk1.8\jre\lib\ext\sunmscapi.jar;D:\java\jdk1.8\jre\lib\ext\sunpkcs11.jar;D:\java\jdk1.8\jre\lib\ext\zipfs.jar;D:\java\jdk1.8\jre\lib\javaws.jar;D:\java\jdk1.8\jre\lib\jce.jar;D:\java\jdk1.8\jre\lib\jfr.jar;D:\java\jdk1.8\jre\lib\jfxswt.jar;D:\java\jdk1.8\jre\lib\jsse.jar;D:\java\jdk1.8\jre\lib\management-agent.jar;D:\java\jdk1.8\jre\lib\plugin.jar;D:\java\jdk1.8\jre\lib\resources.jar;D:\java\jdk1.8\jre\lib\rt.jar;D:\java\code\cloud_demo\aliPay_zhifu\target\classes;D:\java\code\cloud_demo\aliPay_zhifu\lib\api-web.jar;D:\java\repository\org\springframework\boot\spring-boot-starter-data-redis\2.1.8.RELEASE\spring-boot-starter-data-redis-2.1.8.RELEASE.jar;D:\java\repository\org\springframework\boot\spring-boot-starter\2.1.8.RELEASE\spring-boot-starter-2.1.8.RELEASE.jar;D:\java\repository\org\springframework\boot\spring-boot\2.1.8.RELEASE\spring-boot-2.1.8.RELEASE.jar;D:\java\repository\org\springframework\boot\spring-boot-autoconfigure\2.1.8.RELEASE\spring-boot-autoconfigure-2.1.8.RELEASE.jar;D:\java\repository\org\springframework\boot\spring-boot-starter-logging\2.1.8.RELEASE\spring-boot-starter-logging-2.1.8.RELEASE.jar;D:\java\repository\ch\qos\logback\logback-classic\1.2.3\logback-classic-1.2.3.jar;D:\java\repository\ch\qos\logback\logback-core\1.2.3\logback-core-1.2.3.jar;D:\java\repository\org\apache\logging\log4j\log4j-to-slf4j\2.11.2\log4j-to-slf4j-2.11.2.jar;D:\java\repository\org\apache\logging\log4j\log4j-api\2.11.2\log4j-api-2.11.2.jar;D:\java\repository\org\slf4j\jul-to-slf4j\1.7.28\jul-to-sl
Launcher Type: SUN_STANDARD

Environment Variables:
JAVA_HOME=D:\java\jdk1.8
PATH=D:\java\rocketmq\bin;C:\Program Files (x86)\NetSarang\Xftp 6\;D:\java\mmpeg\ffmpeg-20200216-8578433-win64-static\bin;D:\java\mysql-5.7.29-winx64\bin;D:\java\OpenSSL-Win64\bin;D:\java\gradle-4.8\bin;d:\erlang9.3\bin;D:\java\apache-maven-3.5.4\bin;D:\java\jdk1.8\bin;C:\Windows\system32;C:\Windows;C:\Windows\System32\Wbem;C:\Windows\System32\WindowsPowerShell\v1.0\;C:\Windows\System32\OpenSSH\;C:\Program Files (x86)\NVIDIA Corporation\PhysX\Common;D:\java\MySQL\MySQL Server 5.5\bin;D:\java\git\Git\cmd;D:\java\gitWuGui\bin;D:\java\SVN\bin;D:\java\SVN Wu GUI\bin;C:\Program Files\nodejs\;D:\putty\;C:\Users\aa\AppData\Local\Microsoft\WindowsApps;C:\Users\aa\AppData\Roaming\npm;D:\java\protoc-3.7.0-win64\bin;;D:\java\VS code\bin
USERNAME=aa
OS=Windows_NT
PROCESSOR_IDENTIFIER=Intel64 Family 6 Model 142 Stepping 10, GenuineIntel



---------------  S Y S T E M  ---------------

OS: Windows 10.0 , 64 bit Build 18362 (10.0.18362.86)

CPU:total 8 (initial active 8) (4 cores per cpu, 2 threads per core) family 6 model 142 stepping 10, cmov, cx8, fxsr, mmx, sse, sse2, sse3, ssse3, sse4.1, sse4.2, popcnt, avx, avx2, aes, clmul, erms, 3dnowpref, lzcnt, ht, tsc, tscinvbit, bmi1, bmi2, adx

Memory: 4k page, physical 8269924k(521524k free), swap 16658532k(5136k free)

vm_info: Java HotSpot(TM) 64-Bit Server VM (25.181-b13) for windows-amd64 JRE (1.8.0_181-b13), built on Jul  7 2018 04:01:33 by "java_re" with MS VC++ 10.0 (VS2010)

time: Sat Apr 11 01:25:58 2020
elapsed time: 12 seconds (0d 0h 0m 12s)

