2020-02-28 23:03:29.167 [main] INFO  com.App                                  [50 ] : Starting App on W10-20190813252 with PID 10580 (D:\java\code\cloud_demo\aliPay_zhifu\target\classes started by aa in D:\java\code\cloud_demo)
2020-02-28 23:03:29.172 [main] INFO  com.App                                  [648] : No active profile set, falling back to default profiles: default
2020-02-28 23:03:32.935 [main] INFO  o.s.b.w.embedded.tomcat.TomcatWebServer  [90 ] : Tomcat initialized with port(s): 8889 (http)
2020-02-28 23:03:32.951 [main] INFO  o.a.coyote.http11.Http11NioProtocol      [173] : Initializing ProtocolHandler ["http-nio-8889"]
2020-02-28 23:03:32.960 [main] INFO  o.apache.catalina.core.StandardService   [173] : Starting service [Tomcat]
2020-02-28 23:03:32.960 [main] INFO  org.apache.catalina.core.StandardEngine  [173] : Starting Servlet engine: [Apache Tomcat/9.0.24]
2020-02-28 23:03:33.062 [main] INFO  o.a.c.c.C.[Tomcat].[localhost].[/]       [173] : Initializing Spring embedded WebApplicationContext
2020-02-28 23:03:33.062 [main] INFO  o.s.web.context.ContextLoader            [284] : Root WebApplicationContext: initialization completed in 3718 ms
2020-02-28 23:03:33.292 [main] INFO  o.s.s.concurrent.ThreadPoolTaskExecutor  [171] : Initializing ExecutorService 'applicationTaskExecutor'
2020-02-28 23:03:33.395 [main] WARN  ion$DefaultTemplateResolverConfiguration [106] : Cannot find template location: classpath:/templates/ (please add some templates or check your Thymeleaf configuration)
2020-02-28 23:03:33.485 [main] INFO  o.a.coyote.http11.Http11NioProtocol      [173] : Starting ProtocolHandler ["http-nio-8889"]
2020-02-28 23:03:33.513 [main] INFO  o.s.b.w.embedded.tomcat.TomcatWebServer  [202] : Tomcat started on port(s): 8889 (http) with context path ''
2020-02-28 23:03:33.517 [main] INFO  com.App                                  [59 ] : Started App in 5.485 seconds (JVM running for 6.778)
2020-02-28 23:03:59.360 [http-nio-8889-exec-1] INFO  o.apache.tomcat.util.http.parser.Cookie  [173] : A cookie header was received [1567525320; Idea-17eb9ffb=beabe549-f147-47c5-8a5d-df87be214f33; JSESSIONID=DB2837F5FEF88CF9F6027C556A41C404] that contained an invalid cookie. That cookie will be ignored.
 Note: further occurrences of this error will be logged at DEBUG level.
2020-02-28 23:03:59.369 [http-nio-8889-exec-1] INFO  o.a.c.c.C.[Tomcat].[localhost].[/]       [173] : Initializing Spring DispatcherServlet 'dispatcherServlet'
2020-02-28 23:03:59.370 [http-nio-8889-exec-1] INFO  o.s.web.servlet.DispatcherServlet        [524] : Initializing Servlet 'dispatcherServlet'
2020-02-28 23:03:59.380 [http-nio-8889-exec-1] INFO  o.s.web.servlet.DispatcherServlet        [546] : Completed initialization in 10 ms
2020-02-28 23:04:35.994 [main] INFO  com.App                                  [50 ] : Starting App on W10-20190813252 with PID 932 (D:\java\code\cloud_demo\aliPay_zhifu\target\classes started by aa in D:\java\code\cloud_demo)
2020-02-28 23:04:36.005 [main] INFO  com.App                                  [648] : No active profile set, falling back to default profiles: default
2020-02-28 23:04:39.732 [main] INFO  o.s.b.w.embedded.tomcat.TomcatWebServer  [90 ] : Tomcat initialized with port(s): 8889 (http)
2020-02-28 23:04:39.749 [main] INFO  o.a.coyote.http11.Http11NioProtocol      [173] : Initializing ProtocolHandler ["http-nio-8889"]
2020-02-28 23:04:39.758 [main] INFO  o.apache.catalina.core.StandardService   [173] : Starting service [Tomcat]
2020-02-28 23:04:39.758 [main] INFO  org.apache.catalina.core.StandardEngine  [173] : Starting Servlet engine: [Apache Tomcat/9.0.24]
2020-02-28 23:04:39.845 [main] INFO  o.a.c.c.C.[Tomcat].[localhost].[/]       [173] : Initializing Spring embedded WebApplicationContext
2020-02-28 23:04:39.845 [main] INFO  o.s.web.context.ContextLoader            [284] : Root WebApplicationContext: initialization completed in 3583 ms
2020-02-28 23:04:40.069 [main] INFO  o.s.s.concurrent.ThreadPoolTaskExecutor  [171] : Initializing ExecutorService 'applicationTaskExecutor'
2020-02-28 23:04:40.176 [main] WARN  ion$DefaultTemplateResolverConfiguration [106] : Cannot find template location: classpath:/templates/ (please add some templates or check your Thymeleaf configuration)
2020-02-28 23:04:40.260 [main] INFO  o.a.coyote.http11.Http11NioProtocol      [173] : Starting ProtocolHandler ["http-nio-8889"]
2020-02-28 23:04:40.283 [main] INFO  o.s.b.w.embedded.tomcat.TomcatWebServer  [202] : Tomcat started on port(s): 8889 (http) with context path ''
2020-02-28 23:04:40.286 [main] INFO  com.App                                  [59 ] : Started App in 5.259 seconds (JVM running for 6.445)
2020-02-28 23:04:55.568 [http-nio-8889-exec-1] INFO  o.apache.tomcat.util.http.parser.Cookie  [173] : A cookie header was received [1567525320; Idea-17eb9ffb=beabe549-f147-47c5-8a5d-df87be214f33; JSESSIONID=DB2837F5FEF88CF9F6027C556A41C404] that contained an invalid cookie. That cookie will be ignored.
 Note: further occurrences of this error will be logged at DEBUG level.
2020-02-28 23:04:55.577 [http-nio-8889-exec-1] INFO  o.a.c.c.C.[Tomcat].[localhost].[/]       [173] : Initializing Spring DispatcherServlet 'dispatcherServlet'
2020-02-28 23:04:55.577 [http-nio-8889-exec-1] INFO  o.s.web.servlet.DispatcherServlet        [524] : Initializing Servlet 'dispatcherServlet'
2020-02-28 23:04:55.583 [http-nio-8889-exec-1] INFO  o.s.web.servlet.DispatcherServlet        [546] : Completed initialization in 6 ms
