2020-03-11 12:13:45.422 [main] INFO  com.App                                  [50 ] : Starting App on W10-20190813252 with PID 19520 (D:\java\code\cloud_demo\aliPay_zhifu\target\classes started by aa in D:\java\code\cloud_demo)
2020-03-11 12:13:45.427 [main] INFO  com.App                                  [648] : No active profile set, falling back to default profiles: default
2020-03-11 12:13:51.001 [main] INFO  o.s.b.w.embedded.tomcat.TomcatWebServer  [90 ] : Tomcat initialized with port(s): 8889 (http)
2020-03-11 12:13:51.029 [main] INFO  o.a.coyote.http11.Http11NioProtocol      [173] : Initializing ProtocolHandler ["http-nio-8889"]
2020-03-11 12:13:51.046 [main] INFO  o.apache.catalina.core.StandardService   [173] : Starting service [Tomcat]
2020-03-11 12:13:51.047 [main] INFO  org.apache.catalina.core.StandardEngine  [173] : Starting Servlet engine: [Apache Tomcat/9.0.24]
2020-03-11 12:13:51.560 [main] INFO  o.a.c.c.C.[Tomcat].[localhost].[/]       [173] : Initializing Spring embedded WebApplicationContext
2020-03-11 12:13:51.561 [main] INFO  o.s.web.context.ContextLoader            [284] : Root WebApplicationContext: initialization completed in 6012 ms
2020-03-11 12:13:52.247 [main] INFO  o.s.s.concurrent.ThreadPoolTaskExecutor  [171] : Initializing ExecutorService 'applicationTaskExecutor'
2020-03-11 12:13:52.441 [main] WARN  ion$DefaultTemplateResolverConfiguration [106] : Cannot find template location: classpath:/templates/ (please add some templates or check your Thymeleaf configuration)
2020-03-11 12:13:52.586 [main] INFO  o.a.coyote.http11.Http11NioProtocol      [173] : Starting ProtocolHandler ["http-nio-8889"]
2020-03-11 12:13:52.623 [main] INFO  o.s.b.w.embedded.tomcat.TomcatWebServer  [202] : Tomcat started on port(s): 8889 (http) with context path ''
2020-03-11 12:13:52.628 [main] INFO  com.App                                  [59 ] : Started App in 8.234 seconds (JVM running for 9.059)
2020-03-11 12:39:56.605 [http-nio-8889-exec-1] INFO  o.a.c.c.C.[Tomcat].[localhost].[/]       [173] : Initializing Spring DispatcherServlet 'dispatcherServlet'
2020-03-11 12:39:56.606 [http-nio-8889-exec-1] INFO  o.s.web.servlet.DispatcherServlet        [524] : Initializing Servlet 'dispatcherServlet'
2020-03-11 12:39:56.616 [http-nio-8889-exec-1] INFO  o.s.web.servlet.DispatcherServlet        [546] : Completed initialization in 9 ms
2020-03-11 12:40:23.688 [main] INFO  com.App                                  [50 ] : Starting App on W10-20190813252 with PID 14648 (D:\java\code\cloud_demo\aliPay_zhifu\target\classes started by aa in D:\java\code\cloud_demo)
2020-03-11 12:40:23.694 [main] INFO  com.App                                  [648] : No active profile set, falling back to default profiles: default
2020-03-11 12:40:29.342 [main] INFO  o.s.b.w.embedded.tomcat.TomcatWebServer  [90 ] : Tomcat initialized with port(s): 8889 (http)
2020-03-11 12:40:29.369 [main] INFO  o.a.coyote.http11.Http11NioProtocol      [173] : Initializing ProtocolHandler ["http-nio-8889"]
2020-03-11 12:40:29.390 [main] INFO  o.apache.catalina.core.StandardService   [173] : Starting service [Tomcat]
2020-03-11 12:40:29.391 [main] INFO  org.apache.catalina.core.StandardEngine  [173] : Starting Servlet engine: [Apache Tomcat/9.0.24]
2020-03-11 12:40:29.574 [main] INFO  o.a.c.c.C.[Tomcat].[localhost].[/]       [173] : Initializing Spring embedded WebApplicationContext
2020-03-11 12:40:29.575 [main] INFO  o.s.web.context.ContextLoader            [284] : Root WebApplicationContext: initialization completed in 5789 ms
2020-03-11 12:40:30.070 [main] INFO  o.s.s.concurrent.ThreadPoolTaskExecutor  [171] : Initializing ExecutorService 'applicationTaskExecutor'
2020-03-11 12:40:30.440 [main] WARN  ion$DefaultTemplateResolverConfiguration [106] : Cannot find template location: classpath:/templates/ (please add some templates or check your Thymeleaf configuration)
2020-03-11 12:40:30.593 [main] INFO  o.a.coyote.http11.Http11NioProtocol      [173] : Starting ProtocolHandler ["http-nio-8889"]
2020-03-11 12:40:30.628 [main] INFO  o.s.b.w.embedded.tomcat.TomcatWebServer  [202] : Tomcat started on port(s): 8889 (http) with context path ''
2020-03-11 12:40:30.633 [main] INFO  com.App                                  [59 ] : Started App in 7.917 seconds (JVM running for 8.574)
2020-03-11 12:40:39.742 [http-nio-8889-exec-1] INFO  o.a.c.c.C.[Tomcat].[localhost].[/]       [173] : Initializing Spring DispatcherServlet 'dispatcherServlet'
2020-03-11 12:40:39.742 [http-nio-8889-exec-1] INFO  o.s.web.servlet.DispatcherServlet        [524] : Initializing Servlet 'dispatcherServlet'
2020-03-11 12:40:39.750 [http-nio-8889-exec-1] INFO  o.s.web.servlet.DispatcherServlet        [546] : Completed initialization in 7 ms
2020-03-11 12:42:36.782 [main] INFO  com.App                                  [50 ] : Starting App on W10-20190813252 with PID 13444 (D:\java\code\cloud_demo\aliPay_zhifu\target\classes started by aa in D:\java\code\cloud_demo)
2020-03-11 12:42:36.789 [main] INFO  com.App                                  [648] : No active profile set, falling back to default profiles: default
2020-03-11 12:42:43.213 [main] INFO  o.s.b.w.embedded.tomcat.TomcatWebServer  [90 ] : Tomcat initialized with port(s): 8889 (http)
2020-03-11 12:42:43.238 [main] INFO  o.a.coyote.http11.Http11NioProtocol      [173] : Initializing ProtocolHandler ["http-nio-8889"]
2020-03-11 12:42:43.255 [main] INFO  o.apache.catalina.core.StandardService   [173] : Starting service [Tomcat]
2020-03-11 12:42:43.255 [main] INFO  org.apache.catalina.core.StandardEngine  [173] : Starting Servlet engine: [Apache Tomcat/9.0.24]
2020-03-11 12:42:43.475 [main] INFO  o.a.c.c.C.[Tomcat].[localhost].[/]       [173] : Initializing Spring embedded WebApplicationContext
2020-03-11 12:42:43.475 [main] INFO  o.s.web.context.ContextLoader            [284] : Root WebApplicationContext: initialization completed in 6545 ms
2020-03-11 12:42:43.823 [main] INFO  o.s.s.concurrent.ThreadPoolTaskExecutor  [171] : Initializing ExecutorService 'applicationTaskExecutor'
2020-03-11 12:42:44.116 [main] WARN  ion$DefaultTemplateResolverConfiguration [106] : Cannot find template location: classpath:/templates/ (please add some templates or check your Thymeleaf configuration)
2020-03-11 12:42:44.264 [main] INFO  o.a.coyote.http11.Http11NioProtocol      [173] : Starting ProtocolHandler ["http-nio-8889"]
2020-03-11 12:42:44.301 [main] INFO  o.s.b.w.embedded.tomcat.TomcatWebServer  [202] : Tomcat started on port(s): 8889 (http) with context path ''
2020-03-11 12:42:44.305 [main] INFO  com.App                                  [59 ] : Started App in 8.391 seconds (JVM running for 9.09)
2020-03-11 12:42:55.582 [http-nio-8889-exec-1] INFO  o.a.c.c.C.[Tomcat].[localhost].[/]       [173] : Initializing Spring DispatcherServlet 'dispatcherServlet'
2020-03-11 12:42:55.583 [http-nio-8889-exec-1] INFO  o.s.web.servlet.DispatcherServlet        [524] : Initializing Servlet 'dispatcherServlet'
2020-03-11 12:42:55.590 [http-nio-8889-exec-1] INFO  o.s.web.servlet.DispatcherServlet        [546] : Completed initialization in 7 ms
2020-03-11 12:44:08.682 [main] INFO  com.App                                  [50 ] : Starting App on W10-20190813252 with PID 14780 (D:\java\code\cloud_demo\aliPay_zhifu\target\classes started by aa in D:\java\code\cloud_demo)
2020-03-11 12:44:08.687 [main] INFO  com.App                                  [648] : No active profile set, falling back to default profiles: default
2020-03-11 12:44:14.847 [main] INFO  o.s.b.w.embedded.tomcat.TomcatWebServer  [90 ] : Tomcat initialized with port(s): 8889 (http)
2020-03-11 12:44:14.870 [main] INFO  o.a.coyote.http11.Http11NioProtocol      [173] : Initializing ProtocolHandler ["http-nio-8889"]
2020-03-11 12:44:14.892 [main] INFO  o.apache.catalina.core.StandardService   [173] : Starting service [Tomcat]
2020-03-11 12:44:14.896 [main] INFO  org.apache.catalina.core.StandardEngine  [173] : Starting Servlet engine: [Apache Tomcat/9.0.24]
2020-03-11 12:44:15.072 [main] INFO  o.a.c.c.C.[Tomcat].[localhost].[/]       [173] : Initializing Spring embedded WebApplicationContext
2020-03-11 12:44:15.073 [main] INFO  o.s.web.context.ContextLoader            [284] : Root WebApplicationContext: initialization completed in 6309 ms
2020-03-11 12:44:15.432 [main] INFO  o.s.s.concurrent.ThreadPoolTaskExecutor  [171] : Initializing ExecutorService 'applicationTaskExecutor'
2020-03-11 12:44:15.698 [main] WARN  ion$DefaultTemplateResolverConfiguration [106] : Cannot find template location: classpath:/templates/ (please add some templates or check your Thymeleaf configuration)
2020-03-11 12:44:15.843 [main] INFO  o.a.coyote.http11.Http11NioProtocol      [173] : Starting ProtocolHandler ["http-nio-8889"]
2020-03-11 12:44:15.879 [main] INFO  o.s.b.w.embedded.tomcat.TomcatWebServer  [202] : Tomcat started on port(s): 8889 (http) with context path ''
2020-03-11 12:44:15.884 [main] INFO  com.App                                  [59 ] : Started App in 8.031 seconds (JVM running for 8.734)
2020-03-11 12:44:18.274 [http-nio-8889-exec-1] INFO  o.a.c.c.C.[Tomcat].[localhost].[/]       [173] : Initializing Spring DispatcherServlet 'dispatcherServlet'
2020-03-11 12:44:18.275 [http-nio-8889-exec-1] INFO  o.s.web.servlet.DispatcherServlet        [524] : Initializing Servlet 'dispatcherServlet'
2020-03-11 12:44:18.284 [http-nio-8889-exec-1] INFO  o.s.web.servlet.DispatcherServlet        [546] : Completed initialization in 9 ms
