2020-02-24 01:16:41.403 [main] INFO  com.App                                  [50 ] : Starting App on W10-20190813252 with PID 9796 (D:\java\code\cloud_demo\aliPay_zhifu\target\classes started by aa in D:\java\code\cloud_demo)
2020-02-24 01:16:41.411 [main] INFO  com.App                                  [648] : No active profile set, falling back to default profiles: default
2020-02-24 01:16:49.129 [main] INFO  o.s.b.w.embedded.tomcat.TomcatWebServer  [90 ] : Tomcat initialized with port(s): 8889 (http)
2020-02-24 01:16:49.163 [main] INFO  o.a.coyote.http11.Http11NioProtocol      [173] : Initializing ProtocolHandler ["http-nio-8889"]
2020-02-24 01:16:49.192 [main] INFO  o.apache.catalina.core.StandardService   [173] : Starting service [Tomcat]
2020-02-24 01:16:49.194 [main] INFO  org.apache.catalina.core.StandardEngine  [173] : Starting Servlet engine: [Apache Tomcat/9.0.24]
2020-02-24 01:16:49.464 [main] INFO  o.a.c.c.C.[Tomcat].[localhost].[/]       [173] : Initializing Spring embedded WebApplicationContext
2020-02-24 01:16:49.465 [main] INFO  o.s.web.context.ContextLoader            [284] : Root WebApplicationContext: initialization completed in 7813 ms
2020-02-24 01:16:50.091 [main] INFO  o.s.s.concurrent.ThreadPoolTaskExecutor  [171] : Initializing ExecutorService 'applicationTaskExecutor'
2020-02-24 01:16:50.636 [main] WARN  ion$DefaultTemplateResolverConfiguration [106] : Cannot find template location: classpath:/templates/ (please add some templates or check your Thymeleaf configuration)
2020-02-24 01:16:50.883 [main] INFO  o.a.coyote.http11.Http11NioProtocol      [173] : Starting ProtocolHandler ["http-nio-8889"]
2020-02-24 01:16:50.938 [main] INFO  o.s.b.w.embedded.tomcat.TomcatWebServer  [202] : Tomcat started on port(s): 8889 (http) with context path ''
2020-02-24 01:16:50.947 [main] INFO  com.App                                  [59 ] : Started App in 10.84 seconds (JVM running for 12.07)
2020-02-24 01:17:04.649 [http-nio-8889-exec-1] INFO  o.apache.tomcat.util.http.parser.Cookie  [173] : A cookie header was received [1567525320; Idea-17eb9ffb=beabe549-f147-47c5-8a5d-df87be214f33; m=2258:YWRtaW46YWRtaW4xMjM%253D] that contained an invalid cookie. That cookie will be ignored.
 Note: further occurrences of this error will be logged at DEBUG level.
2020-02-24 01:17:04.658 [http-nio-8889-exec-1] INFO  o.a.c.c.C.[Tomcat].[localhost].[/]       [173] : Initializing Spring DispatcherServlet 'dispatcherServlet'
2020-02-24 01:17:04.658 [http-nio-8889-exec-1] INFO  o.s.web.servlet.DispatcherServlet        [524] : Initializing Servlet 'dispatcherServlet'
2020-02-24 01:17:04.665 [http-nio-8889-exec-1] INFO  o.s.web.servlet.DispatcherServlet        [546] : Completed initialization in 6 ms
2020-02-24 01:17:29.887 [main] INFO  com.App                                  [50 ] : Starting App on W10-20190813252 with PID 1884 (D:\java\code\cloud_demo\aliPay_zhifu\target\classes started by aa in D:\java\code\cloud_demo)
2020-02-24 01:17:29.892 [main] INFO  com.App                                  [648] : No active profile set, falling back to default profiles: default
2020-02-24 01:17:36.923 [main] INFO  o.s.b.w.embedded.tomcat.TomcatWebServer  [90 ] : Tomcat initialized with port(s): 8889 (http)
2020-02-24 01:17:36.953 [main] INFO  o.a.coyote.http11.Http11NioProtocol      [173] : Initializing ProtocolHandler ["http-nio-8889"]
2020-02-24 01:17:36.976 [main] INFO  o.apache.catalina.core.StandardService   [173] : Starting service [Tomcat]
2020-02-24 01:17:36.977 [main] INFO  org.apache.catalina.core.StandardEngine  [173] : Starting Servlet engine: [Apache Tomcat/9.0.24]
2020-02-24 01:17:37.312 [main] INFO  o.a.c.c.C.[Tomcat].[localhost].[/]       [173] : Initializing Spring embedded WebApplicationContext
2020-02-24 01:17:37.313 [main] INFO  o.s.web.context.ContextLoader            [284] : Root WebApplicationContext: initialization completed in 7290 ms
2020-02-24 01:17:37.745 [main] INFO  o.s.s.concurrent.ThreadPoolTaskExecutor  [171] : Initializing ExecutorService 'applicationTaskExecutor'
2020-02-24 01:17:37.995 [main] WARN  ion$DefaultTemplateResolverConfiguration [106] : Cannot find template location: classpath:/templates/ (please add some templates or check your Thymeleaf configuration)
2020-02-24 01:17:38.210 [main] INFO  o.a.coyote.http11.Http11NioProtocol      [173] : Starting ProtocolHandler ["http-nio-8889"]
2020-02-24 01:17:38.276 [main] INFO  o.s.b.w.embedded.tomcat.TomcatWebServer  [202] : Tomcat started on port(s): 8889 (http) with context path ''
2020-02-24 01:17:38.287 [main] INFO  com.App                                  [59 ] : Started App in 9.421 seconds (JVM running for 10.284)
2020-02-24 01:17:48.601 [http-nio-8889-exec-1] INFO  o.apache.tomcat.util.http.parser.Cookie  [173] : A cookie header was received [1567525320; Idea-17eb9ffb=beabe549-f147-47c5-8a5d-df87be214f33; m=2258:YWRtaW46YWRtaW4xMjM%253D] that contained an invalid cookie. That cookie will be ignored.
 Note: further occurrences of this error will be logged at DEBUG level.
2020-02-24 01:17:48.612 [http-nio-8889-exec-1] INFO  o.a.c.c.C.[Tomcat].[localhost].[/]       [173] : Initializing Spring DispatcherServlet 'dispatcherServlet'
2020-02-24 01:17:48.612 [http-nio-8889-exec-1] INFO  o.s.web.servlet.DispatcherServlet        [524] : Initializing Servlet 'dispatcherServlet'
2020-02-24 01:17:48.621 [http-nio-8889-exec-1] INFO  o.s.web.servlet.DispatcherServlet        [546] : Completed initialization in 8 ms
2020-02-24 01:18:57.626 [main] INFO  com.App                                  [50 ] : Starting App on W10-20190813252 with PID 12016 (D:\java\code\cloud_demo\aliPay_zhifu\target\classes started by aa in D:\java\code\cloud_demo)
2020-02-24 01:18:57.631 [main] INFO  com.App                                  [648] : No active profile set, falling back to default profiles: default
2020-02-24 01:19:03.309 [main] INFO  o.s.b.w.embedded.tomcat.TomcatWebServer  [90 ] : Tomcat initialized with port(s): 8889 (http)
2020-02-24 01:19:03.331 [main] INFO  o.a.coyote.http11.Http11NioProtocol      [173] : Initializing ProtocolHandler ["http-nio-8889"]
2020-02-24 01:19:03.350 [main] INFO  o.apache.catalina.core.StandardService   [173] : Starting service [Tomcat]
2020-02-24 01:19:03.351 [main] INFO  org.apache.catalina.core.StandardEngine  [173] : Starting Servlet engine: [Apache Tomcat/9.0.24]
2020-02-24 01:19:03.620 [main] INFO  o.a.c.c.C.[Tomcat].[localhost].[/]       [173] : Initializing Spring embedded WebApplicationContext
2020-02-24 01:19:03.621 [main] INFO  o.s.web.context.ContextLoader            [284] : Root WebApplicationContext: initialization completed in 5898 ms
2020-02-24 01:19:04.013 [main] INFO  o.s.s.concurrent.ThreadPoolTaskExecutor  [171] : Initializing ExecutorService 'applicationTaskExecutor'
2020-02-24 01:19:04.228 [main] WARN  ion$DefaultTemplateResolverConfiguration [106] : Cannot find template location: classpath:/templates/ (please add some templates or check your Thymeleaf configuration)
2020-02-24 01:19:04.388 [main] INFO  o.a.coyote.http11.Http11NioProtocol      [173] : Starting ProtocolHandler ["http-nio-8889"]
2020-02-24 01:19:04.432 [main] INFO  o.s.b.w.embedded.tomcat.TomcatWebServer  [202] : Tomcat started on port(s): 8889 (http) with context path ''
2020-02-24 01:19:04.439 [main] INFO  com.App                                  [59 ] : Started App in 7.737 seconds (JVM running for 8.471)
2020-02-24 01:19:09.510 [http-nio-8889-exec-3] INFO  o.apache.tomcat.util.http.parser.Cookie  [173] : A cookie header was received [1567525320; Idea-17eb9ffb=beabe549-f147-47c5-8a5d-df87be214f33; m=2258:YWRtaW46YWRtaW4xMjM%253D] that contained an invalid cookie. That cookie will be ignored.
 Note: further occurrences of this error will be logged at DEBUG level.
2020-02-24 01:19:09.518 [http-nio-8889-exec-3] INFO  o.a.c.c.C.[Tomcat].[localhost].[/]       [173] : Initializing Spring DispatcherServlet 'dispatcherServlet'
2020-02-24 01:19:09.518 [http-nio-8889-exec-3] INFO  o.s.web.servlet.DispatcherServlet        [524] : Initializing Servlet 'dispatcherServlet'
2020-02-24 01:19:09.524 [http-nio-8889-exec-3] INFO  o.s.web.servlet.DispatcherServlet        [546] : Completed initialization in 6 ms
2020-02-24 13:06:29.023 [main] INFO  com.App                                  [50 ] : Starting App on W10-20190813252 with PID 7592 (D:\java\code\cloud_demo\aliPay_zhifu\target\classes started by aa in D:\java\code\cloud_demo)
2020-02-24 13:06:29.029 [main] INFO  com.App                                  [648] : No active profile set, falling back to default profiles: default
2020-02-24 13:06:33.247 [main] INFO  o.s.b.w.embedded.tomcat.TomcatWebServer  [90 ] : Tomcat initialized with port(s): 8889 (http)
2020-02-24 13:06:33.274 [main] INFO  o.a.coyote.http11.Http11NioProtocol      [173] : Initializing ProtocolHandler ["http-nio-8889"]
2020-02-24 13:06:33.291 [main] INFO  o.apache.catalina.core.StandardService   [173] : Starting service [Tomcat]
2020-02-24 13:06:33.291 [main] INFO  org.apache.catalina.core.StandardEngine  [173] : Starting Servlet engine: [Apache Tomcat/9.0.24]
2020-02-24 13:06:33.434 [main] INFO  o.a.c.c.C.[Tomcat].[localhost].[/]       [173] : Initializing Spring embedded WebApplicationContext
2020-02-24 13:06:33.435 [main] INFO  o.s.web.context.ContextLoader            [284] : Root WebApplicationContext: initialization completed in 4155 ms
2020-02-24 13:06:33.841 [main] INFO  o.s.s.concurrent.ThreadPoolTaskExecutor  [171] : Initializing ExecutorService 'applicationTaskExecutor'
2020-02-24 13:06:34.038 [main] WARN  ion$DefaultTemplateResolverConfiguration [106] : Cannot find template location: classpath:/templates/ (please add some templates or check your Thymeleaf configuration)
2020-02-24 13:06:34.301 [main] INFO  o.a.coyote.http11.Http11NioProtocol      [173] : Starting ProtocolHandler ["http-nio-8889"]
2020-02-24 13:06:34.354 [main] INFO  o.s.b.w.embedded.tomcat.TomcatWebServer  [202] : Tomcat started on port(s): 8889 (http) with context path ''
2020-02-24 13:06:34.361 [main] INFO  com.App                                  [59 ] : Started App in 6.246 seconds (JVM running for 6.816)
2020-02-24 13:07:11.014 [http-nio-8889-exec-2] INFO  o.a.c.c.C.[Tomcat].[localhost].[/]       [173] : Initializing Spring DispatcherServlet 'dispatcherServlet'
2020-02-24 13:07:11.015 [http-nio-8889-exec-2] INFO  o.s.web.servlet.DispatcherServlet        [524] : Initializing Servlet 'dispatcherServlet'
2020-02-24 13:07:11.021 [http-nio-8889-exec-2] INFO  o.s.web.servlet.DispatcherServlet        [546] : Completed initialization in 6 ms
2020-02-24 13:07:11.056 [http-nio-8889-exec-2] WARN  .w.s.m.s.DefaultHandlerExceptionResolver [198] : Resolved [org.springframework.web.HttpMediaTypeNotSupportedException: Content type 'application/x-www-form-urlencoded;charset=UTF-8' not supported]
2020-02-24 13:07:25.634 [main] INFO  com.App                                  [50 ] : Starting App on W10-20190813252 with PID 7508 (D:\java\code\cloud_demo\aliPay_zhifu\target\classes started by aa in D:\java\code\cloud_demo)
2020-02-24 13:07:25.638 [main] INFO  com.App                                  [648] : No active profile set, falling back to default profiles: default
2020-02-24 13:07:28.943 [main] INFO  o.s.b.w.embedded.tomcat.TomcatWebServer  [90 ] : Tomcat initialized with port(s): 8889 (http)
2020-02-24 13:07:28.960 [main] INFO  o.a.coyote.http11.Http11NioProtocol      [173] : Initializing ProtocolHandler ["http-nio-8889"]
2020-02-24 13:07:28.972 [main] INFO  o.apache.catalina.core.StandardService   [173] : Starting service [Tomcat]
2020-02-24 13:07:28.973 [main] INFO  org.apache.catalina.core.StandardEngine  [173] : Starting Servlet engine: [Apache Tomcat/9.0.24]
2020-02-24 13:07:29.070 [main] INFO  o.a.c.c.C.[Tomcat].[localhost].[/]       [173] : Initializing Spring embedded WebApplicationContext
2020-02-24 13:07:29.071 [main] INFO  o.s.web.context.ContextLoader            [284] : Root WebApplicationContext: initialization completed in 3312 ms
2020-02-24 13:07:29.301 [main] INFO  o.s.s.concurrent.ThreadPoolTaskExecutor  [171] : Initializing ExecutorService 'applicationTaskExecutor'
2020-02-24 13:07:29.413 [main] WARN  ion$DefaultTemplateResolverConfiguration [106] : Cannot find template location: classpath:/templates/ (please add some templates or check your Thymeleaf configuration)
2020-02-24 13:07:29.504 [main] INFO  o.a.coyote.http11.Http11NioProtocol      [173] : Starting ProtocolHandler ["http-nio-8889"]
2020-02-24 13:07:29.525 [main] INFO  o.s.b.w.embedded.tomcat.TomcatWebServer  [202] : Tomcat started on port(s): 8889 (http) with context path ''
2020-02-24 13:07:29.527 [main] INFO  com.App                                  [59 ] : Started App in 4.519 seconds (JVM running for 4.946)
2020-02-24 13:07:31.905 [http-nio-8889-exec-2] INFO  o.a.c.c.C.[Tomcat].[localhost].[/]       [173] : Initializing Spring DispatcherServlet 'dispatcherServlet'
2020-02-24 13:07:31.906 [http-nio-8889-exec-2] INFO  o.s.web.servlet.DispatcherServlet        [524] : Initializing Servlet 'dispatcherServlet'
2020-02-24 13:07:31.911 [http-nio-8889-exec-2] INFO  o.s.web.servlet.DispatcherServlet        [546] : Completed initialization in 5 ms
