2020-02-26 20:02:35.298 [main] INFO  com.App                                  [50 ] : Starting App on W10-20190813252 with PID 11880 (D:\java\code\cloud_demo\aliPay_zhifu\target\classes started by aa in D:\java\code\cloud_demo)
2020-02-26 20:02:35.302 [main] INFO  com.App                                  [648] : No active profile set, falling back to default profiles: default
2020-02-26 20:02:37.739 [main] INFO  o.s.b.w.embedded.tomcat.TomcatWebServer  [90 ] : Tomcat initialized with port(s): 8889 (http)
2020-02-26 20:02:37.751 [main] INFO  o.a.coyote.http11.Http11NioProtocol      [173] : Initializing ProtocolHandler ["http-nio-8889"]
2020-02-26 20:02:37.759 [main] INFO  o.apache.catalina.core.StandardService   [173] : Starting service [Tomcat]
2020-02-26 20:02:37.759 [main] INFO  org.apache.catalina.core.StandardEngine  [173] : Starting Servlet engine: [Apache Tomcat/9.0.24]
2020-02-26 20:02:37.833 [main] INFO  o.a.c.c.C.[Tomcat].[localhost].[/]       [173] : Initializing Spring embedded WebApplicationContext
2020-02-26 20:02:37.833 [main] INFO  o.s.web.context.ContextLoader            [284] : Root WebApplicationContext: initialization completed in 2482 ms
2020-02-26 20:02:38.032 [main] INFO  o.s.s.concurrent.ThreadPoolTaskExecutor  [171] : Initializing ExecutorService 'applicationTaskExecutor'
2020-02-26 20:02:38.126 [main] WARN  ion$DefaultTemplateResolverConfiguration [106] : Cannot find template location: classpath:/templates/ (please add some templates or check your Thymeleaf configuration)
2020-02-26 20:02:38.200 [main] INFO  o.a.coyote.http11.Http11NioProtocol      [173] : Starting ProtocolHandler ["http-nio-8889"]
2020-02-26 20:02:38.217 [main] INFO  o.s.b.w.embedded.tomcat.TomcatWebServer  [202] : Tomcat started on port(s): 8889 (http) with context path ''
2020-02-26 20:02:38.220 [main] INFO  com.App                                  [59 ] : Started App in 3.776 seconds (JVM running for 4.636)
2020-02-26 20:03:07.931 [main] INFO  com.App                                  [50 ] : Starting App on W10-20190813252 with PID 13124 (D:\java\code\cloud_demo\aliPay_zhifu\target\classes started by aa in D:\java\code\cloud_demo)
2020-02-26 20:03:07.938 [main] INFO  com.App                                  [648] : No active profile set, falling back to default profiles: default
2020-02-26 20:03:10.773 [main] INFO  o.s.b.w.embedded.tomcat.TomcatWebServer  [90 ] : Tomcat initialized with port(s): 8889 (http)
2020-02-26 20:03:10.785 [main] INFO  o.a.coyote.http11.Http11NioProtocol      [173] : Initializing ProtocolHandler ["http-nio-8889"]
2020-02-26 20:03:10.794 [main] INFO  o.apache.catalina.core.StandardService   [173] : Starting service [Tomcat]
2020-02-26 20:03:10.794 [main] INFO  org.apache.catalina.core.StandardEngine  [173] : Starting Servlet engine: [Apache Tomcat/9.0.24]
2020-02-26 20:03:10.873 [main] INFO  o.a.c.c.C.[Tomcat].[localhost].[/]       [173] : Initializing Spring embedded WebApplicationContext
2020-02-26 20:03:10.874 [main] INFO  o.s.web.context.ContextLoader            [284] : Root WebApplicationContext: initialization completed in 2774 ms
2020-02-26 20:03:11.065 [main] INFO  o.s.s.concurrent.ThreadPoolTaskExecutor  [171] : Initializing ExecutorService 'applicationTaskExecutor'
2020-02-26 20:03:11.160 [main] WARN  ion$DefaultTemplateResolverConfiguration [106] : Cannot find template location: classpath:/templates/ (please add some templates or check your Thymeleaf configuration)
2020-02-26 20:03:11.232 [main] INFO  o.a.coyote.http11.Http11NioProtocol      [173] : Starting ProtocolHandler ["http-nio-8889"]
2020-02-26 20:03:11.254 [main] INFO  o.s.b.w.embedded.tomcat.TomcatWebServer  [202] : Tomcat started on port(s): 8889 (http) with context path ''
2020-02-26 20:03:11.257 [main] INFO  com.App                                  [59 ] : Started App in 4.114 seconds (JVM running for 5.097)
2020-02-26 20:03:15.862 [http-nio-8889-exec-1] INFO  o.apache.tomcat.util.http.parser.Cookie  [173] : A cookie header was received [1567525320; Idea-17eb9ffb=beabe549-f147-47c5-8a5d-df87be214f33] that contained an invalid cookie. That cookie will be ignored.
 Note: further occurrences of this error will be logged at DEBUG level.
2020-02-26 20:03:15.868 [http-nio-8889-exec-1] INFO  o.a.c.c.C.[Tomcat].[localhost].[/]       [173] : Initializing Spring DispatcherServlet 'dispatcherServlet'
2020-02-26 20:03:15.869 [http-nio-8889-exec-1] INFO  o.s.web.servlet.DispatcherServlet        [524] : Initializing Servlet 'dispatcherServlet'
2020-02-26 20:03:15.873 [http-nio-8889-exec-1] INFO  o.s.web.servlet.DispatcherServlet        [546] : Completed initialization in 4 ms
