2020-02-15 20:00:00.617 [main] INFO  com.App                                  [50 ] : Starting App on W10-20190813252 with PID 11460 (D:\java\code\cloud_demo\aliPay_zhifu\target\classes started by aa in D:\java\code\cloud_demo)
2020-02-15 20:00:00.637 [main] INFO  com.App                                  [648] : No active profile set, falling back to default profiles: default
2020-02-15 20:00:07.345 [main] INFO  o.s.b.w.embedded.tomcat.TomcatWebServer  [90 ] : Tomcat initialized with port(s): 8889 (http)
2020-02-15 20:00:07.379 [main] INFO  o.a.coyote.http11.Http11NioProtocol      [173] : Initializing ProtocolHandler ["http-nio-8889"]
2020-02-15 20:00:07.403 [main] INFO  o.apache.catalina.core.StandardService   [173] : Starting service [Tomcat]
2020-02-15 20:00:07.403 [main] INFO  org.apache.catalina.core.StandardEngine  [173] : Starting Servlet engine: [Apache Tomcat/9.0.24]
2020-02-15 20:00:07.639 [main] INFO  o.a.c.c.C.[Tomcat].[localhost].[/]       [173] : Initializing Spring embedded WebApplicationContext
2020-02-15 20:00:07.639 [main] INFO  o.s.web.context.ContextLoader            [284] : Root WebApplicationContext: initialization completed in 6795 ms
2020-02-15 20:00:08.094 [main] INFO  o.s.s.concurrent.ThreadPoolTaskExecutor  [171] : Initializing ExecutorService 'applicationTaskExecutor'
2020-02-15 20:00:08.420 [main] WARN  ion$DefaultTemplateResolverConfiguration [106] : Cannot find template location: classpath:/templates/ (please add some templates or check your Thymeleaf configuration)
2020-02-15 20:00:08.595 [main] INFO  o.a.coyote.http11.Http11NioProtocol      [173] : Starting ProtocolHandler ["http-nio-8889"]
2020-02-15 20:00:08.649 [main] INFO  o.s.b.w.embedded.tomcat.TomcatWebServer  [202] : Tomcat started on port(s): 8889 (http) with context path ''
2020-02-15 20:00:08.654 [main] INFO  com.App                                  [59 ] : Started App in 9.196 seconds (JVM running for 10.016)
2020-02-15 20:01:29.202 [http-nio-8889-exec-1] INFO  o.a.c.c.C.[Tomcat].[localhost].[/]       [173] : Initializing Spring DispatcherServlet 'dispatcherServlet'
2020-02-15 20:01:29.203 [http-nio-8889-exec-1] INFO  o.s.web.servlet.DispatcherServlet        [524] : Initializing Servlet 'dispatcherServlet'
2020-02-15 20:01:29.211 [http-nio-8889-exec-1] INFO  o.s.web.servlet.DispatcherServlet        [546] : Completed initialization in 8 ms
2020-02-15 20:02:06.271 [main] INFO  com.App                                  [50 ] : Starting App on W10-20190813252 with PID 16184 (D:\java\code\cloud_demo\aliPay_zhifu\target\classes started by aa in D:\java\code\cloud_demo)
2020-02-15 20:02:06.275 [main] INFO  com.App                                  [648] : No active profile set, falling back to default profiles: default
2020-02-15 20:02:10.063 [main] INFO  o.s.b.w.embedded.tomcat.TomcatWebServer  [90 ] : Tomcat initialized with port(s): 8889 (http)
2020-02-15 20:02:10.080 [main] INFO  o.a.coyote.http11.Http11NioProtocol      [173] : Initializing ProtocolHandler ["http-nio-8889"]
2020-02-15 20:02:10.096 [main] INFO  o.apache.catalina.core.StandardService   [173] : Starting service [Tomcat]
2020-02-15 20:02:10.096 [main] INFO  org.apache.catalina.core.StandardEngine  [173] : Starting Servlet engine: [Apache Tomcat/9.0.24]
2020-02-15 20:02:10.205 [main] INFO  o.a.c.c.C.[Tomcat].[localhost].[/]       [173] : Initializing Spring embedded WebApplicationContext
2020-02-15 20:02:10.206 [main] INFO  o.s.web.context.ContextLoader            [284] : Root WebApplicationContext: initialization completed in 3817 ms
2020-02-15 20:02:10.420 [main] INFO  o.s.s.concurrent.ThreadPoolTaskExecutor  [171] : Initializing ExecutorService 'applicationTaskExecutor'
2020-02-15 20:02:10.621 [main] WARN  ion$DefaultTemplateResolverConfiguration [106] : Cannot find template location: classpath:/templates/ (please add some templates or check your Thymeleaf configuration)
2020-02-15 20:02:10.724 [main] INFO  o.a.coyote.http11.Http11NioProtocol      [173] : Starting ProtocolHandler ["http-nio-8889"]
2020-02-15 20:02:10.750 [main] INFO  o.s.b.w.embedded.tomcat.TomcatWebServer  [202] : Tomcat started on port(s): 8889 (http) with context path ''
2020-02-15 20:02:10.754 [main] INFO  com.App                                  [59 ] : Started App in 5.024 seconds (JVM running for 5.464)
2020-02-15 20:02:14.280 [http-nio-8889-exec-1] INFO  o.a.c.c.C.[Tomcat].[localhost].[/]       [173] : Initializing Spring DispatcherServlet 'dispatcherServlet'
2020-02-15 20:02:14.281 [http-nio-8889-exec-1] INFO  o.s.web.servlet.DispatcherServlet        [524] : Initializing Servlet 'dispatcherServlet'
2020-02-15 20:02:14.286 [http-nio-8889-exec-1] INFO  o.s.web.servlet.DispatcherServlet        [546] : Completed initialization in 5 ms
2020-02-15 20:02:59.937 [main] INFO  com.App                                  [50 ] : Starting App on W10-20190813252 with PID 13636 (D:\java\code\cloud_demo\aliPay_zhifu\target\classes started by aa in D:\java\code\cloud_demo)
2020-02-15 20:02:59.940 [main] INFO  com.App                                  [648] : No active profile set, falling back to default profiles: default
2020-02-15 20:03:03.571 [main] INFO  o.s.b.w.embedded.tomcat.TomcatWebServer  [90 ] : Tomcat initialized with port(s): 8889 (http)
2020-02-15 20:03:03.587 [main] INFO  o.a.coyote.http11.Http11NioProtocol      [173] : Initializing ProtocolHandler ["http-nio-8889"]
2020-02-15 20:03:03.596 [main] INFO  o.apache.catalina.core.StandardService   [173] : Starting service [Tomcat]
2020-02-15 20:03:03.597 [main] INFO  org.apache.catalina.core.StandardEngine  [173] : Starting Servlet engine: [Apache Tomcat/9.0.24]
2020-02-15 20:03:03.704 [main] INFO  o.a.c.c.C.[Tomcat].[localhost].[/]       [173] : Initializing Spring embedded WebApplicationContext
2020-02-15 20:03:03.705 [main] INFO  o.s.web.context.ContextLoader            [284] : Root WebApplicationContext: initialization completed in 3708 ms
2020-02-15 20:03:03.939 [main] INFO  o.s.s.concurrent.ThreadPoolTaskExecutor  [171] : Initializing ExecutorService 'applicationTaskExecutor'
2020-02-15 20:03:04.153 [main] WARN  ion$DefaultTemplateResolverConfiguration [106] : Cannot find template location: classpath:/templates/ (please add some templates or check your Thymeleaf configuration)
2020-02-15 20:03:04.251 [main] INFO  o.a.coyote.http11.Http11NioProtocol      [173] : Starting ProtocolHandler ["http-nio-8889"]
2020-02-15 20:03:04.277 [main] INFO  o.s.b.w.embedded.tomcat.TomcatWebServer  [202] : Tomcat started on port(s): 8889 (http) with context path ''
2020-02-15 20:03:04.281 [main] INFO  com.App                                  [59 ] : Started App in 4.934 seconds (JVM running for 5.415)
2020-02-15 20:03:14.704 [http-nio-8889-exec-1] INFO  o.a.c.c.C.[Tomcat].[localhost].[/]       [173] : Initializing Spring DispatcherServlet 'dispatcherServlet'
2020-02-15 20:03:14.705 [http-nio-8889-exec-1] INFO  o.s.web.servlet.DispatcherServlet        [524] : Initializing Servlet 'dispatcherServlet'
2020-02-15 20:03:14.711 [http-nio-8889-exec-1] INFO  o.s.web.servlet.DispatcherServlet        [546] : Completed initialization in 6 ms
2020-02-15 20:03:56.268 [main] INFO  com.App                                  [50 ] : Starting App on W10-20190813252 with PID 16472 (D:\java\code\cloud_demo\aliPay_zhifu\target\classes started by aa in D:\java\code\cloud_demo)
2020-02-15 20:03:56.272 [main] INFO  com.App                                  [648] : No active profile set, falling back to default profiles: default
2020-02-15 20:04:00.409 [main] INFO  o.s.b.w.embedded.tomcat.TomcatWebServer  [90 ] : Tomcat initialized with port(s): 8889 (http)
2020-02-15 20:04:00.428 [main] INFO  o.a.coyote.http11.Http11NioProtocol      [173] : Initializing ProtocolHandler ["http-nio-8889"]
2020-02-15 20:04:00.442 [main] INFO  o.apache.catalina.core.StandardService   [173] : Starting service [Tomcat]
2020-02-15 20:04:00.442 [main] INFO  org.apache.catalina.core.StandardEngine  [173] : Starting Servlet engine: [Apache Tomcat/9.0.24]
2020-02-15 20:04:00.582 [main] INFO  o.a.c.c.C.[Tomcat].[localhost].[/]       [173] : Initializing Spring embedded WebApplicationContext
2020-02-15 20:04:00.582 [main] INFO  o.s.web.context.ContextLoader            [284] : Root WebApplicationContext: initialization completed in 4189 ms
2020-02-15 20:04:00.997 [main] INFO  o.s.s.concurrent.ThreadPoolTaskExecutor  [171] : Initializing ExecutorService 'applicationTaskExecutor'
2020-02-15 20:04:01.156 [main] WARN  ion$DefaultTemplateResolverConfiguration [106] : Cannot find template location: classpath:/templates/ (please add some templates or check your Thymeleaf configuration)
2020-02-15 20:04:01.309 [main] INFO  o.a.coyote.http11.Http11NioProtocol      [173] : Starting ProtocolHandler ["http-nio-8889"]
2020-02-15 20:04:01.352 [main] INFO  o.s.b.w.embedded.tomcat.TomcatWebServer  [202] : Tomcat started on port(s): 8889 (http) with context path ''
2020-02-15 20:04:01.357 [main] INFO  com.App                                  [59 ] : Started App in 5.662 seconds (JVM running for 6.13)
2020-02-15 20:04:07.449 [http-nio-8889-exec-1] INFO  o.a.c.c.C.[Tomcat].[localhost].[/]       [173] : Initializing Spring DispatcherServlet 'dispatcherServlet'
2020-02-15 20:04:07.450 [http-nio-8889-exec-1] INFO  o.s.web.servlet.DispatcherServlet        [524] : Initializing Servlet 'dispatcherServlet'
2020-02-15 20:04:07.457 [http-nio-8889-exec-1] INFO  o.s.web.servlet.DispatcherServlet        [546] : Completed initialization in 7 ms
